TN:
SF:/Users/tomchambers/projects/train/src/agent.js
FN:11,(anonymous_0)
FN:35,(anonymous_1)
FN:64,(anonymous_2)
FN:69,(anonymous_3)
FN:80,(anonymous_4)
FN:88,(anonymous_5)
FN:92,(anonymous_6)
FN:101,(anonymous_7)
FN:128,(anonymous_8)
FN:132,(anonymous_9)
FN:133,(anonymous_10)
FN:154,(anonymous_11)
FN:158,(anonymous_12)
FN:162,(anonymous_13)
FN:166,(anonymous_14)
FN:170,(anonymous_15)
FN:179,(anonymous_16)
FN:190,(anonymous_17)
FN:202,(anonymous_18)
FN:209,(anonymous_19)
FNF:20
FNH:0
FNDA:0,(anonymous_0)
FNDA:0,(anonymous_1)
FNDA:0,(anonymous_2)
FNDA:0,(anonymous_3)
FNDA:0,(anonymous_4)
FNDA:0,(anonymous_5)
FNDA:0,(anonymous_6)
FNDA:0,(anonymous_7)
FNDA:0,(anonymous_8)
FNDA:0,(anonymous_9)
FNDA:0,(anonymous_10)
FNDA:0,(anonymous_11)
FNDA:0,(anonymous_12)
FNDA:0,(anonymous_13)
FNDA:0,(anonymous_14)
FNDA:0,(anonymous_15)
FNDA:0,(anonymous_16)
FNDA:0,(anonymous_17)
FNDA:0,(anonymous_18)
FNDA:0,(anonymous_19)
DA:3,1
DA:9,1
DA:11,1
DA:45,0
DA:46,0
DA:47,0
DA:48,0
DA:49,0
DA:50,0
DA:51,0
DA:53,0
DA:54,0
DA:55,0
DA:56,0
DA:57,0
DA:59,0
DA:61,0
DA:65,0
DA:66,0
DA:71,0
DA:72,0
DA:73,0
DA:74,0
DA:76,0
DA:77,0
DA:81,0
DA:82,0
DA:83,0
DA:84,0
DA:85,0
DA:89,0
DA:93,0
DA:94,0
DA:98,0
DA:102,0
DA:104,0
DA:105,0
DA:106,0
DA:107,0
DA:108,0
DA:111,0
DA:114,0
DA:115,0
DA:116,0
DA:119,0
DA:120,0
DA:121,0
DA:122,0
DA:125,0
DA:129,0
DA:133,0
DA:134,0
DA:137,0
DA:138,0
DA:141,0
DA:142,0
DA:143,0
DA:145,0
DA:146,0
DA:147,0
DA:150,0
DA:155,0
DA:158,0
DA:159,0
DA:163,0
DA:167,0
DA:171,0
DA:172,0
DA:173,0
DA:174,0
DA:175,0
DA:176,0
DA:180,0
DA:181,0
DA:182,0
DA:183,0
DA:184,0
DA:185,0
DA:187,0
DA:203,0
DA:204,0
DA:205,0
DA:206,0
DA:210,0
DA:211,0
DA:212,0
DA:213,0
DA:214,0
DA:215,0
DA:216,0
DA:217,0
DA:218,0
DA:219,0
DA:220,0
DA:221,0
DA:222,0
DA:223,0
DA:224,0
LF:98
LH:3
BRDA:65,0,0,0
BRDA:65,0,1,0
BRDA:93,1,0,0
BRDA:93,1,1,0
BRDA:102,2,0,0
BRDA:102,2,1,0
BRDA:104,3,0,0
BRDA:104,3,1,0
BRDA:104,4,0,0
BRDA:104,4,1,0
BRDA:106,5,0,0
BRDA:106,5,1,0
BRDA:114,6,0,0
BRDA:114,6,1,0
BRDA:114,7,0,0
BRDA:114,7,1,0
BRDA:119,8,0,0
BRDA:119,8,1,0
BRDA:121,9,0,0
BRDA:121,9,1,0
BRDA:142,10,0,0
BRDA:142,10,1,0
BRDA:146,11,0,0
BRDA:146,11,1,0
BRDA:147,12,0,0
BRDA:147,12,1,0
BRDA:159,13,0,0
BRDA:159,13,1,0
BRDA:159,13,2,0
BRDA:182,14,0,0
BRDA:182,14,1,0
BRDA:203,15,0,0
BRDA:203,15,1,0
BRDA:204,16,0,0
BRDA:204,16,1,0
BRDA:205,17,0,0
BRDA:205,17,1,0
BRDA:206,18,0,0
BRDA:206,18,1,0
BRF:39
BRH:0
end_of_record
TN:
SF:/Users/tomchambers/projects/train/src/grid.js
FN:3,(anonymous_0)
FN:4,(anonymous_1)
FN:11,(anonymous_2)
FN:25,(anonymous_3)
FN:26,(anonymous_4)
FN:31,(anonymous_5)
FN:34,(anonymous_6)
FN:35,(anonymous_7)
FN:38,(anonymous_8)
FN:42,(anonymous_9)
FN:46,(anonymous_10)
FN:50,(anonymous_11)
FN:55,(anonymous_12)
FN:67,(anonymous_13)
FN:74,(anonymous_14)
FN:81,(anonymous_15)
FN:105,(anonymous_16)
FN:110,(anonymous_17)
FN:112,(anonymous_18)
FN:116,(anonymous_19)
FN:118,(anonymous_20)
FN:125,(anonymous_21)
FN:170,(anonymous_22)
FN:172,(anonymous_23)
FN:173,(anonymous_24)
FNF:25
FNH:8
FNDA:0,(anonymous_0)
FNDA:0,(anonymous_1)
FNDA:1,(anonymous_2)
FNDA:10,(anonymous_3)
FNDA:100,(anonymous_4)
FNDA:1,(anonymous_5)
FNDA:1,(anonymous_6)
FNDA:1,(anonymous_7)
FNDA:0,(anonymous_8)
FNDA:0,(anonymous_9)
FNDA:0,(anonymous_10)
FNDA:3,(anonymous_11)
FNDA:0,(anonymous_12)
FNDA:0,(anonymous_13)
FNDA:0,(anonymous_14)
FNDA:1,(anonymous_15)
FNDA:0,(anonymous_16)
FNDA:0,(anonymous_17)
FNDA:0,(anonymous_18)
FNDA:0,(anonymous_19)
FNDA:0,(anonymous_20)
FNDA:0,(anonymous_21)
FNDA:0,(anonymous_22)
FNDA:0,(anonymous_23)
FNDA:0,(anonymous_24)
DA:3,1
DA:4,0
DA:5,0
DA:12,1
DA:13,1
DA:14,1
DA:21,1
DA:25,1
DA:26,100
DA:31,1
DA:32,1
DA:34,1
DA:35,1
DA:39,0
DA:43,0
DA:47,0
DA:51,3
DA:52,3
DA:56,0
DA:57,0
DA:68,0
DA:75,0
DA:82,1
DA:83,1
DA:84,1
DA:85,1
DA:86,1
DA:91,4
DA:96,16
DA:97,15
DA:102,1
DA:106,0
DA:107,0
DA:111,0
DA:112,0
DA:117,0
DA:118,0
DA:119,0
DA:120,0
DA:122,0
DA:126,0
DA:127,0
DA:128,0
DA:129,0
DA:130,0
DA:132,0
DA:135,0
DA:136,0
DA:137,0
DA:138,0
DA:139,0
DA:140,0
DA:141,0
DA:142,0
DA:144,0
DA:145,0
DA:146,0
DA:148,0
DA:150,0
DA:152,0
DA:153,0
DA:154,0
DA:155,0
DA:156,0
DA:157,0
DA:158,0
DA:159,0
DA:160,0
DA:166,0
DA:167,0
DA:171,0
DA:172,0
DA:173,0
DA:174,0
DA:175,0
DA:176,0
DA:177,0
DA:178,0
DA:179,0
DA:180,0
DA:181,0
DA:182,0
DA:183,0
DA:184,0
DA:185,0
DA:186,0
DA:187,0
DA:188,0
LF:88
LH:22
BRDA:4,0,0,0
BRDA:4,0,1,0
BRDA:39,1,0,0
BRDA:39,1,1,0
BRDA:51,2,0,0
BRDA:51,2,1,3
BRDA:84,3,0,1
BRDA:84,3,1,0
BRDA:96,4,0,15
BRDA:96,4,1,1
BRDA:96,5,0,16
BRDA:96,5,1,4
BRDA:107,6,0,0
BRDA:107,6,1,0
BRDA:107,6,2,0
BRDA:120,7,0,0
BRDA:120,7,1,0
BRDA:120,7,2,0
BRDA:137,8,0,0
BRDA:137,8,1,0
BRDA:145,9,0,0
BRDA:145,9,1,0
BRDA:154,10,0,0
BRDA:154,10,1,0
BRDA:154,11,0,0
BRDA:154,11,1,0
BRDA:157,12,0,0
BRDA:157,12,1,0
BRDA:158,13,0,0
BRDA:158,13,1,0
BRDA:176,14,0,0
BRDA:176,14,1,0
BRDA:177,15,0,0
BRDA:177,15,1,0
BRDA:178,16,0,0
BRDA:178,16,1,0
BRDA:179,17,0,0
BRDA:179,17,1,0
BRDA:180,18,0,0
BRDA:180,18,1,0
BRF:40
BRH:6
end_of_record
TN:
SF:/Users/tomchambers/projects/train/src/p5.min.js
FN:1,(anonymous_0)
FN:1,(anonymous_1)
FN:1,a
FN:1,e
FN:1,(anonymous_4)
FN:1,(anonymous_5)
FN:1,(anonymous_6)
FN:1,(anonymous_7)
FN:1,(anonymous_8)
FN:1,(anonymous_9)
FN:1,a
FN:1,c
FN:1,d
FN:1,g
FN:1,h
FN:1,(anonymous_15)
FN:1,i
FN:1,(anonymous_17)
FN:1,j
FN:1,(anonymous_19)
FN:1,k
FN:1,(anonymous_21)
FN:1,l
FN:1,(anonymous_23)
FN:1,m
FN:1,n
FN:1,o
FN:1,(anonymous_27)
FN:1,(anonymous_28)
FN:1,p
FN:1,q
FN:1,r
FN:1,s
FN:1,t
FN:1,u
FN:1,v
FN:1,(anonymous_36)
FN:1,(anonymous_37)
FN:1,(anonymous_38)
FN:1,w
FN:1,(anonymous_40)
FN:1,(anonymous_41)
FN:1,x
FN:1,y
FN:1,z
FN:1,A
FN:1,B
FN:1,C
FN:1,D
FN:1,E
FN:1,F
FN:1,G
FN:1,H
FN:1,(anonymous_53)
FN:1,(anonymous_54)
FN:1,I
FN:1,J
FN:1,K
FN:1,L
FN:1,M
FN:1,N
FN:1,(anonymous_61)
FN:1,(anonymous_62)
FN:1,O
FN:1,P
FN:1,Q
FN:1,R
FN:1,S
FN:1,(anonymous_68)
FN:1,(anonymous_69)
FN:1,(anonymous_70)
FN:1,(anonymous_71)
FN:1,(anonymous_72)
FN:1,(anonymous_73)
FN:1,(anonymous_74)
FN:1,(anonymous_75)
FN:1,(anonymous_76)
FN:1,(anonymous_77)
FN:1,(anonymous_78)
FN:1,(anonymous_79)
FN:1,(anonymous_80)
FN:1,c
FN:1,d
FN:1,e
FN:1,f
FN:1,(anonymous_85)
FN:1,(anonymous_86)
FN:1,(anonymous_87)
FN:1,(anonymous_88)
FN:1,(anonymous_89)
FN:1,(anonymous_90)
FN:1,(anonymous_91)
FN:1,d
FN:1,(anonymous_93)
FN:1,d
FN:1,e
FN:1,f
FN:1,g
FN:1,h
FN:1,(anonymous_99)
FN:1,(anonymous_100)
FN:1,(anonymous_101)
FN:1,(anonymous_102)
FN:1,(anonymous_103)
FN:1,(anonymous_104)
FN:1,d
FN:1,(anonymous_106)
FN:1,(anonymous_107)
FN:1,(anonymous_108)
FN:1,(anonymous_109)
FN:1,(anonymous_110)
FN:1,(anonymous_111)
FN:1,(anonymous_112)
FN:1,(anonymous_113)
FN:1,(anonymous_114)
FN:1,(anonymous_115)
FN:1,(anonymous_116)
FN:1,(anonymous_117)
FN:1,(anonymous_118)
FN:1,(anonymous_119)
FN:1,(anonymous_120)
FN:1,(anonymous_121)
FN:1,(anonymous_122)
FN:1,(anonymous_123)
FN:1,a
FN:1,b
FN:1,(anonymous_126)
FN:1,(anonymous_127)
FN:1,(anonymous_128)
FN:1,(anonymous_129)
FN:1,(anonymous_130)
FN:1,(anonymous_131)
FN:1,(anonymous_132)
FN:1,(anonymous_133)
FN:1,(anonymous_134)
FN:1,d
FN:1,(anonymous_136)
FN:1,(anonymous_137)
FN:1,e
FN:1,(anonymous_139)
FN:1,(anonymous_140)
FN:1,(anonymous_141)
FN:1,(anonymous_142)
FN:1,(anonymous_143)
FN:1,(anonymous_144)
FN:1,(anonymous_145)
FN:1,e
FN:1,(anonymous_147)
FN:1,(anonymous_148)
FN:1,d
FN:1,e
FN:1,f
FN:1,(anonymous_152)
FN:1,(anonymous_153)
FN:1,g
FN:1,(anonymous_155)
FN:1,(anonymous_156)
FN:1,(anonymous_157)
FN:1,(anonymous_158)
FN:1,(anonymous_159)
FN:1,d
FN:1,e
FN:1,(anonymous_162)
FN:1,f
FN:1,(anonymous_164)
FN:1,g
FN:1,h
FN:1,(anonymous_167)
FN:1,i
FN:1,(anonymous_169)
FN:1,d
FN:1,(anonymous_171)
FN:1,(anonymous_172)
FN:1,(anonymous_173)
FN:1,(anonymous_174)
FN:1,(anonymous_175)
FN:1,(anonymous_176)
FN:1,(anonymous_177)
FN:2,(anonymous_178)
FN:2,(anonymous_179)
FN:2,(anonymous_180)
FN:2,(anonymous_181)
FN:2,(anonymous_182)
FN:2,(anonymous_183)
FN:2,(anonymous_184)
FN:2,(anonymous_185)
FN:2,(anonymous_186)
FN:2,(anonymous_187)
FN:2,(anonymous_188)
FN:2,(anonymous_189)
FN:2,(anonymous_190)
FN:2,(anonymous_191)
FN:2,(anonymous_192)
FN:2,(anonymous_193)
FN:2,(anonymous_194)
FN:2,d
FN:2,(anonymous_196)
FN:2,(anonymous_197)
FN:2,(anonymous_198)
FN:2,(anonymous_199)
FN:2,(anonymous_200)
FN:2,(anonymous_201)
FN:2,(anonymous_202)
FN:2,(anonymous_203)
FN:2,b
FN:2,c
FN:2,(anonymous_206)
FN:2,(anonymous_207)
FN:2,d
FN:2,(anonymous_209)
FN:2,(anonymous_210)
FN:2,(anonymous_211)
FN:2,d
FN:2,e
FN:2,f
FN:2,g
FN:2,h
FN:2,i
FN:2,j
FN:2,k
FN:2,l
FN:2,m
FN:2,n
FN:2,o
FN:2,p
FN:2,q
FN:2,d
FN:2,e
FN:2,f
FN:2,r
FN:2,s
FN:2,t
FN:2,u
FN:2,v
FN:2,w
FN:2,x
FN:2,y
FN:2,z
FN:2,A
FN:2,B
FN:2,C
FN:2,D
FN:2,E
FN:2,F
FN:2,G
FN:2,(anonymous_245)
FN:2,d
FN:2,e
FN:2,f
FN:2,g
FN:2,(anonymous_250)
FN:2,(anonymous_251)
FN:2,d
FN:2,e
FN:2,f
FN:2,g
FN:2,h
FN:2,i
FN:2,j
FN:2,(anonymous_259)
FN:2,d
FN:2,e
FN:2,f
FN:2,g
FN:2,h
FN:2,i
FN:2,j
FN:2,(anonymous_267)
FN:2,d
FN:2,e
FN:2,f
FN:2,(anonymous_271)
FN:2,(anonymous_272)
FN:2,g
FN:2,(anonymous_274)
FN:2,(anonymous_275)
FN:2,h
FN:2,(anonymous_277)
FN:2,i
FN:2,(anonymous_279)
FN:2,d
FN:2,e
FN:2,(anonymous_282)
FN:2,d
FN:2,e
FN:2,(anonymous_285)
FN:2,d
FN:3,e
FN:3,(anonymous_288)
FN:3,d
FN:3,(anonymous_290)
FN:3,d
FN:3,(anonymous_292)
FN:3,d
FN:3,e
FN:3,(anonymous_295)
FN:3,d
FN:3,e
FN:3,(anonymous_298)
FN:3,d
FN:3,e
FN:3,f
FN:3,g
FN:3,h
FN:3,i
FN:3,j
FN:3,k
FN:3,(anonymous_307)
FN:3,(anonymous_308)
FN:3,d
FN:3,e
FN:3,f
FN:3,(anonymous_312)
FN:3,d
FN:3,e
FN:3,(anonymous_315)
FN:3,d
FN:3,e
FN:3,f
FN:3,g
FN:3,(anonymous_320)
FN:3,h
FN:3,i
FN:3,j
FN:3,(anonymous_324)
FN:3,d
FN:3,(anonymous_326)
FN:3,(anonymous_327)
FN:3,(anonymous_328)
FN:3,(anonymous_329)
FN:3,(anonymous_330)
FN:3,(anonymous_331)
FN:3,(anonymous_332)
FN:3,(anonymous_333)
FN:3,(anonymous_334)
FN:3,(anonymous_335)
FN:3,(anonymous_336)
FN:3,(anonymous_337)
FN:3,(anonymous_338)
FN:3,(anonymous_339)
FN:3,(anonymous_340)
FN:3,(anonymous_341)
FN:3,(anonymous_342)
FN:3,(anonymous_343)
FN:3,(anonymous_344)
FN:3,(anonymous_345)
FN:3,(anonymous_346)
FN:3,(anonymous_347)
FN:3,(anonymous_348)
FN:3,(anonymous_349)
FN:3,(anonymous_350)
FN:3,(anonymous_351)
FN:3,(anonymous_352)
FN:3,(anonymous_353)
FN:3,(anonymous_354)
FN:3,(anonymous_355)
FN:3,(anonymous_356)
FN:3,(anonymous_357)
FN:3,(anonymous_358)
FN:3,(anonymous_359)
FN:3,(anonymous_360)
FN:3,(anonymous_361)
FN:3,(anonymous_362)
FN:3,(anonymous_363)
FN:3,(anonymous_364)
FN:3,(anonymous_365)
FN:3,d
FN:3,e
FN:3,f
FN:3,g
FN:3,h
FN:3,i
FN:3,j
FN:3,k
FN:3,(anonymous_374)
FN:3,(anonymous_375)
FN:3,(anonymous_376)
FN:3,(anonymous_377)
FN:3,(anonymous_378)
FN:3,(anonymous_379)
FN:3,(anonymous_380)
FN:3,(anonymous_381)
FN:3,(anonymous_382)
FN:3,b
FN:3,c
FN:3,d
FN:4,(anonymous_386)
FN:4,(anonymous_387)
FN:4,e
FN:4,(anonymous_389)
FN:4,(anonymous_390)
FN:4,(anonymous_391)
FN:4,f
FN:4,g
FN:4,(anonymous_394)
FN:4,(anonymous_395)
FN:4,(anonymous_396)
FN:4,h
FN:4,i
FN:4,j
FN:4,k
FN:4,l
FN:4,(anonymous_402)
FN:4,(anonymous_403)
FN:4,(anonymous_404)
FN:4,(anonymous_405)
FN:4,(anonymous_406)
FN:4,(anonymous_407)
FN:4,m
FN:4,n
FN:4,o
FN:4,(anonymous_411)
FN:4,p
FN:4,(anonymous_413)
FN:4,q
FN:4,(anonymous_415)
FN:4,(anonymous_416)
FN:4,(anonymous_417)
FN:4,(anonymous_418)
FN:4,(anonymous_419)
FN:4,(anonymous_420)
FN:4,(anonymous_421)
FN:4,(anonymous_422)
FN:4,(anonymous_423)
FN:4,(anonymous_424)
FN:4,(anonymous_425)
FN:4,(anonymous_426)
FN:4,(anonymous_427)
FN:4,(anonymous_428)
FN:4,(anonymous_429)
FN:4,(anonymous_430)
FN:4,(anonymous_431)
FN:4,(anonymous_432)
FN:4,(anonymous_433)
FN:4,(anonymous_434)
FN:4,(anonymous_435)
FN:4,(anonymous_436)
FN:4,(anonymous_437)
FN:4,(anonymous_438)
FN:4,(anonymous_439)
FN:4,(anonymous_440)
FN:4,(anonymous_441)
FN:4,(anonymous_442)
FN:4,(anonymous_443)
FN:4,(anonymous_444)
FN:4,(anonymous_445)
FN:4,(anonymous_446)
FN:4,(anonymous_447)
FN:4,(anonymous_448)
FN:4,(anonymous_449)
FN:4,(anonymous_450)
FN:4,(anonymous_451)
FN:4,(anonymous_452)
FN:4,(anonymous_453)
FN:4,(anonymous_454)
FN:4,(anonymous_455)
FN:4,(anonymous_456)
FN:4,(anonymous_457)
FN:4,(anonymous_458)
FN:4,(anonymous_459)
FN:4,(anonymous_460)
FN:4,(anonymous_461)
FN:4,(anonymous_462)
FN:4,(anonymous_463)
FN:4,(anonymous_464)
FN:4,(anonymous_465)
FN:4,(anonymous_466)
FN:4,(anonymous_467)
FN:4,(anonymous_468)
FN:4,(anonymous_469)
FN:4,(anonymous_470)
FN:4,(anonymous_471)
FN:4,(anonymous_472)
FN:4,(anonymous_473)
FN:4,(anonymous_474)
FN:4,(anonymous_475)
FN:4,(anonymous_476)
FN:4,(anonymous_477)
FN:4,(anonymous_478)
FN:4,(anonymous_479)
FN:4,(anonymous_480)
FN:4,(anonymous_481)
FN:4,(anonymous_482)
FN:4,(anonymous_483)
FN:4,(anonymous_484)
FN:4,(anonymous_485)
FN:4,(anonymous_486)
FN:4,(anonymous_487)
FN:4,(anonymous_488)
FN:4,(anonymous_489)
FN:4,(anonymous_490)
FN:4,(anonymous_491)
FN:4,(anonymous_492)
FN:4,(anonymous_493)
FN:4,(anonymous_494)
FN:4,(anonymous_495)
FN:4,(anonymous_496)
FN:4,(anonymous_497)
FN:4,(anonymous_498)
FN:4,(anonymous_499)
FN:4,(anonymous_500)
FN:4,(anonymous_501)
FN:4,(anonymous_502)
FN:4,(anonymous_503)
FN:4,(anonymous_504)
FN:4,(anonymous_505)
FN:4,(anonymous_506)
FN:4,(anonymous_507)
FN:4,(anonymous_508)
FN:4,(anonymous_509)
FN:4,(anonymous_510)
FN:4,(anonymous_511)
FN:4,(anonymous_512)
FN:4,(anonymous_513)
FN:4,(anonymous_514)
FN:4,(anonymous_515)
FN:4,(anonymous_516)
FN:4,(anonymous_517)
FN:4,(anonymous_518)
FN:4,(anonymous_519)
FN:4,(anonymous_520)
FN:4,(anonymous_521)
FN:4,(anonymous_522)
FN:4,(anonymous_523)
FN:4,(anonymous_524)
FN:4,(anonymous_525)
FN:4,(anonymous_526)
FN:4,(anonymous_527)
FN:4,(anonymous_528)
FN:4,(anonymous_529)
FN:4,(anonymous_530)
FN:5,(anonymous_531)
FN:5,(anonymous_532)
FN:5,(anonymous_533)
FN:5,(anonymous_534)
FN:5,(anonymous_535)
FN:5,(anonymous_536)
FN:5,(anonymous_537)
FN:5,(anonymous_538)
FN:5,(anonymous_539)
FN:5,(anonymous_540)
FN:5,(anonymous_541)
FN:5,(anonymous_542)
FN:5,(anonymous_543)
FN:5,(anonymous_544)
FN:5,(anonymous_545)
FN:5,(anonymous_546)
FN:5,(anonymous_547)
FN:5,(anonymous_548)
FN:5,(anonymous_549)
FN:5,(anonymous_550)
FN:5,(anonymous_551)
FN:5,(anonymous_552)
FN:5,d
FN:5,e
FN:5,f
FN:5,g
FN:5,(anonymous_557)
FN:5,(anonymous_558)
FN:5,(anonymous_559)
FN:5,(anonymous_560)
FN:5,(anonymous_561)
FN:5,(anonymous_562)
FN:5,(anonymous_563)
FN:5,(anonymous_564)
FN:5,(anonymous_565)
FN:5,(anonymous_566)
FN:5,(anonymous_567)
FN:5,(anonymous_568)
FN:5,(anonymous_569)
FN:5,(anonymous_570)
FN:5,(anonymous_571)
FN:5,(anonymous_572)
FN:5,d
FN:5,e
FN:5,f
FN:5,(anonymous_576)
FN:5,(anonymous_577)
FN:5,(anonymous_578)
FN:5,(anonymous_579)
FN:5,g
FN:5,(anonymous_581)
FN:5,(anonymous_582)
FN:5,(anonymous_583)
FN:5,(anonymous_584)
FN:5,(anonymous_585)
FN:5,d
FN:5,(anonymous_587)
FN:5,(anonymous_588)
FN:5,(anonymous_589)
FN:5,(anonymous_590)
FN:5,(anonymous_591)
FN:5,(anonymous_592)
FN:5,(anonymous_593)
FN:5,(anonymous_594)
FN:5,(anonymous_595)
FN:5,(anonymous_596)
FN:5,(anonymous_597)
FN:5,(anonymous_598)
FN:5,(anonymous_599)
FN:5,(anonymous_600)
FN:5,(anonymous_601)
FN:5,(anonymous_602)
FN:5,(anonymous_603)
FN:5,(anonymous_604)
FN:5,(anonymous_605)
FN:5,c
FN:5,(anonymous_607)
FN:5,(anonymous_608)
FN:5,(anonymous_609)
FN:5,(anonymous_610)
FN:5,(anonymous_611)
FN:5,(anonymous_612)
FN:5,(anonymous_613)
FN:5,(anonymous_614)
FN:5,(anonymous_615)
FN:5,d
FN:5,(anonymous_617)
FN:5,(anonymous_618)
FN:5,(anonymous_619)
FN:5,(anonymous_620)
FN:5,(anonymous_621)
FN:5,(anonymous_622)
FN:5,(anonymous_623)
FN:5,(anonymous_624)
FN:5,(anonymous_625)
FN:5,(anonymous_626)
FN:5,(anonymous_627)
FN:5,(anonymous_628)
FN:5,(anonymous_629)
FN:5,(anonymous_630)
FN:5,(anonymous_631)
FN:5,(anonymous_632)
FN:5,(anonymous_633)
FN:5,(anonymous_634)
FN:5,(anonymous_635)
FN:5,(anonymous_636)
FN:5,(anonymous_637)
FN:5,(anonymous_638)
FN:5,(anonymous_639)
FN:5,(anonymous_640)
FN:5,(anonymous_641)
FN:5,(anonymous_642)
FN:5,(anonymous_643)
FN:5,(anonymous_644)
FN:5,(anonymous_645)
FN:5,(anonymous_646)
FN:5,(anonymous_647)
FN:5,(anonymous_648)
FN:5,(anonymous_649)
FN:5,(anonymous_650)
FN:5,(anonymous_651)
FN:5,(anonymous_652)
FN:5,(anonymous_653)
FN:5,(anonymous_654)
FN:5,(anonymous_655)
FN:5,(anonymous_656)
FN:5,(anonymous_657)
FN:5,(anonymous_658)
FN:5,(anonymous_659)
FN:5,(anonymous_660)
FN:6,(anonymous_661)
FN:6,(anonymous_662)
FN:6,(anonymous_663)
FN:6,(anonymous_664)
FN:6,(anonymous_665)
FN:6,(anonymous_666)
FN:6,(anonymous_667)
FN:6,(anonymous_668)
FN:6,(anonymous_669)
FN:6,(anonymous_670)
FN:6,(anonymous_671)
FN:6,(anonymous_672)
FN:6,(anonymous_673)
FN:6,(anonymous_674)
FN:6,(anonymous_675)
FN:6,(anonymous_676)
FN:6,(anonymous_677)
FN:6,(anonymous_678)
FN:6,(anonymous_679)
FN:6,(anonymous_680)
FN:6,(anonymous_681)
FN:6,(anonymous_682)
FN:6,(anonymous_683)
FN:6,(anonymous_684)
FN:6,(anonymous_685)
FN:6,(anonymous_686)
FN:6,(anonymous_687)
FN:6,(anonymous_688)
FN:6,(anonymous_689)
FN:6,(anonymous_690)
FN:6,(anonymous_691)
FN:6,(anonymous_692)
FN:6,(anonymous_693)
FN:6,(anonymous_694)
FN:6,(anonymous_695)
FN:6,(anonymous_696)
FN:6,(anonymous_697)
FN:6,(anonymous_698)
FN:6,(anonymous_699)
FN:6,(anonymous_700)
FN:6,(anonymous_701)
FN:6,(anonymous_702)
FN:6,(anonymous_703)
FN:6,(anonymous_704)
FN:6,(anonymous_705)
FN:6,(anonymous_706)
FN:6,(anonymous_707)
FN:6,(anonymous_708)
FN:6,(anonymous_709)
FN:6,(anonymous_710)
FN:6,(anonymous_711)
FN:6,(anonymous_712)
FN:6,(anonymous_713)
FN:6,(anonymous_714)
FN:6,(anonymous_715)
FN:6,(anonymous_716)
FN:6,(anonymous_717)
FN:6,(anonymous_718)
FN:6,(anonymous_719)
FN:6,(anonymous_720)
FN:6,(anonymous_721)
FN:6,(anonymous_722)
FN:6,(anonymous_723)
FN:6,(anonymous_724)
FN:6,(anonymous_725)
FN:6,(anonymous_726)
FN:6,(anonymous_727)
FN:6,(anonymous_728)
FN:6,(anonymous_729)
FN:6,(anonymous_730)
FN:6,(anonymous_731)
FN:6,(anonymous_732)
FN:6,(anonymous_733)
FN:6,d
FN:6,(anonymous_735)
FN:6,(anonymous_736)
FN:6,(anonymous_737)
FN:6,(anonymous_738)
FN:6,(anonymous_739)
FN:6,(anonymous_740)
FN:6,d
FN:6,(anonymous_742)
FN:6,(anonymous_743)
FN:6,(anonymous_744)
FN:6,(anonymous_745)
FN:6,(anonymous_746)
FN:6,(anonymous_747)
FN:6,(anonymous_748)
FN:6,(anonymous_749)
FN:6,(anonymous_750)
FN:6,d
FN:6,(anonymous_752)
FN:6,(anonymous_753)
FN:6,(anonymous_754)
FN:6,(anonymous_755)
FN:6,(anonymous_756)
FN:6,d
FN:6,e
FN:6,(anonymous_759)
FN:6,(anonymous_760)
FN:6,(anonymous_761)
FN:6,(anonymous_762)
FN:6,(anonymous_763)
FN:6,(anonymous_764)
FN:6,(anonymous_765)
FN:6,(anonymous_766)
FN:6,(anonymous_767)
FN:6,(anonymous_768)
FN:6,(anonymous_769)
FN:6,(anonymous_770)
FN:6,(anonymous_771)
FN:6,(anonymous_772)
FN:6,(anonymous_773)
FN:6,(anonymous_774)
FN:6,(anonymous_775)
FN:6,(anonymous_776)
FN:6,(anonymous_777)
FN:6,(anonymous_778)
FN:6,(anonymous_779)
FN:6,(anonymous_780)
FN:6,d
FN:6,(anonymous_782)
FN:6,(anonymous_783)
FN:6,(anonymous_784)
FN:6,(anonymous_785)
FN:6,(anonymous_786)
FN:6,(anonymous_787)
FN:6,(anonymous_788)
FN:6,(anonymous_789)
FN:6,(anonymous_790)
FN:6,(anonymous_791)
FN:6,(anonymous_792)
FN:6,(anonymous_793)
FN:6,(anonymous_794)
FN:6,(anonymous_795)
FN:6,(anonymous_796)
FN:6,(anonymous_797)
FN:6,(anonymous_798)
FN:6,(anonymous_799)
FN:6,(anonymous_800)
FN:6,(anonymous_801)
FN:6,(anonymous_802)
FN:7,(anonymous_803)
FN:7,(anonymous_804)
FN:7,(anonymous_805)
FN:7,(anonymous_806)
FN:7,(anonymous_807)
FN:7,(anonymous_808)
FN:7,(anonymous_809)
FN:7,(anonymous_810)
FN:7,(anonymous_811)
FN:7,d
FN:7,e
FN:7,f
FN:7,g
FN:7,(anonymous_816)
FN:7,(anonymous_817)
FN:7,(anonymous_818)
FN:7,(anonymous_819)
FN:7,(anonymous_820)
FN:7,(anonymous_821)
FN:7,(anonymous_822)
FN:7,(anonymous_823)
FN:7,(anonymous_824)
FN:7,(anonymous_825)
FN:7,(anonymous_826)
FN:7,(anonymous_827)
FN:7,(anonymous_828)
FN:7,(anonymous_829)
FN:7,(anonymous_830)
FN:7,(anonymous_831)
FN:7,(anonymous_832)
FN:7,(anonymous_833)
FN:7,(anonymous_834)
FN:7,(anonymous_835)
FN:7,(anonymous_836)
FN:7,(anonymous_837)
FN:7,(anonymous_838)
FN:7,(anonymous_839)
FN:7,(anonymous_840)
FN:7,(anonymous_841)
FN:7,(anonymous_842)
FN:7,(anonymous_843)
FN:7,(anonymous_844)
FN:7,(anonymous_845)
FN:7,(anonymous_846)
FN:7,(anonymous_847)
FN:7,(anonymous_848)
FN:7,(anonymous_849)
FN:7,(anonymous_850)
FN:7,(anonymous_851)
FN:7,(anonymous_852)
FN:7,(anonymous_853)
FN:7,(anonymous_854)
FN:7,(anonymous_855)
FN:7,(anonymous_856)
FN:7,(anonymous_857)
FN:7,(anonymous_858)
FN:7,(anonymous_859)
FN:7,(anonymous_860)
FN:7,(anonymous_861)
FN:7,(anonymous_862)
FN:7,(anonymous_863)
FN:7,(anonymous_864)
FN:7,(anonymous_865)
FN:7,(anonymous_866)
FN:7,(anonymous_867)
FN:7,(anonymous_868)
FN:7,(anonymous_869)
FN:7,(anonymous_870)
FN:7,(anonymous_871)
FN:7,(anonymous_872)
FN:7,(anonymous_873)
FN:7,(anonymous_874)
FN:7,(anonymous_875)
FN:7,(anonymous_876)
FN:7,(anonymous_877)
FN:7,(anonymous_878)
FN:7,(anonymous_879)
FN:7,(anonymous_880)
FN:7,(anonymous_881)
FN:7,(anonymous_882)
FN:7,(anonymous_883)
FN:7,(anonymous_884)
FN:7,(anonymous_885)
FN:7,(anonymous_886)
FN:7,(anonymous_887)
FN:7,(anonymous_888)
FN:7,(anonymous_889)
FN:7,(anonymous_890)
FN:7,(anonymous_891)
FN:7,(anonymous_892)
FN:7,(anonymous_893)
FN:7,(anonymous_894)
FN:7,(anonymous_895)
FN:7,(anonymous_896)
FN:7,(anonymous_897)
FN:7,(anonymous_898)
FN:7,(anonymous_899)
FN:7,(anonymous_900)
FN:7,(anonymous_901)
FN:7,(anonymous_902)
FN:7,(anonymous_903)
FN:7,(anonymous_904)
FN:7,(anonymous_905)
FN:7,(anonymous_906)
FN:7,(anonymous_907)
FN:7,(anonymous_908)
FN:7,(anonymous_909)
FN:7,(anonymous_910)
FN:7,d
FN:7,(anonymous_912)
FN:7,(anonymous_913)
FN:7,(anonymous_914)
FN:7,(anonymous_915)
FN:7,(anonymous_916)
FN:7,(anonymous_917)
FN:7,(anonymous_918)
FN:7,(anonymous_919)
FN:7,(anonymous_920)
FN:7,(anonymous_921)
FN:7,(anonymous_922)
FN:7,(anonymous_923)
FN:7,(anonymous_924)
FN:7,(anonymous_925)
FN:7,(anonymous_926)
FN:7,(anonymous_927)
FN:7,(anonymous_928)
FN:7,(anonymous_929)
FN:7,(anonymous_930)
FN:7,(anonymous_931)
FN:7,(anonymous_932)
FN:7,(anonymous_933)
FN:7,(anonymous_934)
FN:7,(anonymous_935)
FN:7,(anonymous_936)
FN:7,(anonymous_937)
FN:7,(anonymous_938)
FN:7,(anonymous_939)
FN:7,(anonymous_940)
FN:7,(anonymous_941)
FN:7,(anonymous_942)
FN:7,(anonymous_943)
FN:7,(anonymous_944)
FN:7,(anonymous_945)
FN:7,(anonymous_946)
FN:7,(anonymous_947)
FN:7,(anonymous_948)
FN:7,(anonymous_949)
FN:7,(anonymous_950)
FN:7,(anonymous_951)
FN:7,(anonymous_952)
FN:7,(anonymous_953)
FN:7,(anonymous_954)
FN:7,(anonymous_955)
FN:7,(anonymous_956)
FN:7,(anonymous_957)
FN:7,(anonymous_958)
FN:7,(anonymous_959)
FN:7,(anonymous_960)
FN:7,(anonymous_961)
FN:7,(anonymous_962)
FN:7,(anonymous_963)
FN:7,(anonymous_964)
FN:7,(anonymous_965)
FN:7,(anonymous_966)
FN:7,(anonymous_967)
FN:7,(anonymous_968)
FN:7,(anonymous_969)
FN:7,(anonymous_970)
FN:7,(anonymous_971)
FN:7,(anonymous_972)
FN:7,(anonymous_973)
FN:7,(anonymous_974)
FN:7,(anonymous_975)
FN:7,(anonymous_976)
FN:7,(anonymous_977)
FN:7,(anonymous_978)
FN:7,(anonymous_979)
FN:7,(anonymous_980)
FN:7,(anonymous_981)
FN:7,(anonymous_982)
FN:7,(anonymous_983)
FN:7,(anonymous_984)
FN:7,(anonymous_985)
FN:7,(anonymous_986)
FN:7,(anonymous_987)
FN:7,(anonymous_988)
FN:7,(anonymous_989)
FN:7,(anonymous_990)
FN:7,(anonymous_991)
FN:7,(anonymous_992)
FN:7,(anonymous_993)
FN:7,(anonymous_994)
FN:7,(anonymous_995)
FN:7,(anonymous_996)
FN:7,(anonymous_997)
FN:7,(anonymous_998)
FN:7,(anonymous_999)
FN:7,(anonymous_1000)
FN:7,(anonymous_1001)
FN:7,d
FN:7,e
FN:7,f
FN:7,g
FN:7,h
FN:7,i
FN:7,j
FN:7,k
FN:7,l
FN:7,m
FN:7,n
FN:7,o
FN:8,p
FN:8,q
FN:8,(anonymous_1016)
FN:8,r
FN:8,s
FN:8,t
FN:8,u
FN:8,v
FN:8,w
FN:8,x
FN:8,(anonymous_1024)
FN:8,(anonymous_1025)
FN:8,(anonymous_1026)
FN:8,(anonymous_1027)
FN:8,(anonymous_1028)
FN:8,(anonymous_1029)
FN:8,(anonymous_1030)
FN:8,(anonymous_1031)
FN:8,(anonymous_1032)
FN:8,(anonymous_1033)
FN:8,(anonymous_1034)
FN:8,(anonymous_1035)
FN:8,(anonymous_1036)
FN:8,(anonymous_1037)
FN:8,(anonymous_1038)
FN:8,(anonymous_1039)
FN:8,(anonymous_1040)
FN:8,(anonymous_1041)
FN:8,(anonymous_1042)
FN:8,(anonymous_1043)
FN:8,(anonymous_1044)
FN:8,(anonymous_1045)
FN:8,(anonymous_1046)
FN:8,(anonymous_1047)
FN:8,(anonymous_1048)
FN:8,(anonymous_1049)
FN:8,(anonymous_1050)
FN:8,(anonymous_1051)
FN:8,(anonymous_1052)
FN:8,(anonymous_1053)
FN:8,(anonymous_1054)
FN:8,(anonymous_1055)
FN:8,(anonymous_1056)
FN:8,(anonymous_1057)
FN:8,(anonymous_1058)
FN:8,(anonymous_1059)
FN:8,(anonymous_1060)
FN:8,(anonymous_1061)
FN:8,(anonymous_1062)
FN:8,d
FN:8,e
FN:8,f
FN:8,g
FN:8,(anonymous_1067)
FN:8,(anonymous_1068)
FN:8,(anonymous_1069)
FN:8,(anonymous_1070)
FN:8,(anonymous_1071)
FN:8,(anonymous_1072)
FN:8,(anonymous_1073)
FN:8,(anonymous_1074)
FN:8,(anonymous_1075)
FN:8,(anonymous_1076)
FN:8,(anonymous_1077)
FN:8,(anonymous_1078)
FN:8,(anonymous_1079)
FN:8,(anonymous_1080)
FN:8,(anonymous_1081)
FN:8,(anonymous_1082)
FN:8,(anonymous_1083)
FN:8,(anonymous_1084)
FN:8,(anonymous_1085)
FN:8,(anonymous_1086)
FN:8,(anonymous_1087)
FN:8,(anonymous_1088)
FN:8,(anonymous_1089)
FN:8,(anonymous_1090)
FN:8,(anonymous_1091)
FN:8,(anonymous_1092)
FN:8,(anonymous_1093)
FN:8,(anonymous_1094)
FN:8,(anonymous_1095)
FN:8,(anonymous_1096)
FN:8,(anonymous_1097)
FN:8,(anonymous_1098)
FN:8,d
FN:8,(anonymous_1100)
FN:8,(anonymous_1101)
FN:8,(anonymous_1102)
FN:8,(anonymous_1103)
FN:8,(anonymous_1104)
FN:8,(anonymous_1105)
FN:8,(anonymous_1106)
FN:8,(anonymous_1107)
FN:8,(anonymous_1108)
FN:8,(anonymous_1109)
FN:8,(anonymous_1110)
FN:8,(anonymous_1111)
FN:8,(anonymous_1112)
FN:8,(anonymous_1113)
FN:8,(anonymous_1114)
FN:8,(anonymous_1115)
FN:8,(anonymous_1116)
FN:8,(anonymous_1117)
FN:8,(anonymous_1118)
FN:8,(anonymous_1119)
FN:8,(anonymous_1120)
FN:8,(anonymous_1121)
FN:8,(anonymous_1122)
FN:8,(anonymous_1123)
FN:8,(anonymous_1124)
FN:8,(anonymous_1125)
FN:8,(anonymous_1126)
FN:8,(anonymous_1127)
FN:8,(anonymous_1128)
FN:8,(anonymous_1129)
FN:8,(anonymous_1130)
FN:8,(anonymous_1131)
FN:8,(anonymous_1132)
FN:9,(anonymous_1133)
FN:9,(anonymous_1134)
FN:9,(anonymous_1135)
FN:9,(anonymous_1136)
FN:9,(anonymous_1137)
FN:9,(anonymous_1138)
FN:9,(anonymous_1139)
FN:9,(anonymous_1140)
FN:9,(anonymous_1141)
FN:9,(anonymous_1142)
FN:9,(anonymous_1143)
FN:9,(anonymous_1144)
FN:9,(anonymous_1145)
FN:9,d
FN:9,(anonymous_1147)
FN:9,e
FN:9,(anonymous_1149)
FN:9,(anonymous_1150)
FN:9,(anonymous_1151)
FN:9,(anonymous_1152)
FN:9,(anonymous_1153)
FN:9,(anonymous_1154)
FN:9,(anonymous_1155)
FN:9,(anonymous_1156)
FN:9,(anonymous_1157)
FN:9,(anonymous_1158)
FN:9,(anonymous_1159)
FN:9,(anonymous_1160)
FN:9,(anonymous_1161)
FN:9,(anonymous_1162)
FN:9,(anonymous_1163)
FN:9,(anonymous_1164)
FN:9,(anonymous_1165)
FN:9,(anonymous_1166)
FN:9,(anonymous_1167)
FN:9,(anonymous_1168)
FN:9,(anonymous_1169)
FN:9,(anonymous_1170)
FN:9,(anonymous_1171)
FN:9,(anonymous_1172)
FN:9,(anonymous_1173)
FN:9,(anonymous_1174)
FN:9,(anonymous_1175)
FN:9,(anonymous_1176)
FN:9,(anonymous_1177)
FN:9,(anonymous_1178)
FN:9,(anonymous_1179)
FN:9,(anonymous_1180)
FN:9,(anonymous_1181)
FN:9,(anonymous_1182)
FN:9,(anonymous_1183)
FN:9,(anonymous_1184)
FN:9,(anonymous_1185)
FN:9,(anonymous_1186)
FN:9,(anonymous_1187)
FN:9,(anonymous_1188)
FN:9,(anonymous_1189)
FN:9,(anonymous_1190)
FN:9,(anonymous_1191)
FN:9,(anonymous_1192)
FN:9,(anonymous_1193)
FN:9,(anonymous_1194)
FN:9,(anonymous_1195)
FN:9,(anonymous_1196)
FN:9,(anonymous_1197)
FN:9,(anonymous_1198)
FN:9,(anonymous_1199)
FN:9,(anonymous_1200)
FN:9,(anonymous_1201)
FN:9,(anonymous_1202)
FN:9,(anonymous_1203)
FN:9,(anonymous_1204)
FN:9,(anonymous_1205)
FN:9,(anonymous_1206)
FN:9,(anonymous_1207)
FN:9,(anonymous_1208)
FNF:1209
FNH:118
FNDA:1,(anonymous_0)
FNDA:1,(anonymous_1)
FNDA:1,a
FNDA:248,e
FNDA:246,(anonymous_4)
FNDA:0,(anonymous_5)
FNDA:1,(anonymous_6)
FNDA:1,(anonymous_7)
FNDA:1,(anonymous_8)
FNDA:1,(anonymous_9)
FNDA:0,a
FNDA:0,c
FNDA:0,d
FNDA:0,g
FNDA:0,h
FNDA:0,(anonymous_15)
FNDA:0,i
FNDA:0,(anonymous_17)
FNDA:0,j
FNDA:0,(anonymous_19)
FNDA:0,k
FNDA:0,(anonymous_21)
FNDA:1,l
FNDA:0,(anonymous_23)
FNDA:0,m
FNDA:0,n
FNDA:0,o
FNDA:0,(anonymous_27)
FNDA:0,(anonymous_28)
FNDA:0,p
FNDA:0,q
FNDA:0,r
FNDA:0,s
FNDA:0,t
FNDA:0,u
FNDA:0,v
FNDA:0,(anonymous_36)
FNDA:0,(anonymous_37)
FNDA:0,(anonymous_38)
FNDA:0,w
FNDA:0,(anonymous_40)
FNDA:0,(anonymous_41)
FNDA:0,x
FNDA:0,y
FNDA:0,z
FNDA:0,A
FNDA:0,B
FNDA:0,C
FNDA:0,D
FNDA:2,E
FNDA:0,F
FNDA:0,G
FNDA:0,H
FNDA:0,(anonymous_53)
FNDA:0,(anonymous_54)
FNDA:0,I
FNDA:0,J
FNDA:0,K
FNDA:0,L
FNDA:0,M
FNDA:0,N
FNDA:0,(anonymous_61)
FNDA:0,(anonymous_62)
FNDA:0,O
FNDA:0,P
FNDA:0,Q
FNDA:0,R
FNDA:1,S
FNDA:0,(anonymous_68)
FNDA:0,(anonymous_69)
FNDA:0,(anonymous_70)
FNDA:0,(anonymous_71)
FNDA:0,(anonymous_72)
FNDA:0,(anonymous_73)
FNDA:0,(anonymous_74)
FNDA:0,(anonymous_75)
FNDA:0,(anonymous_76)
FNDA:0,(anonymous_77)
FNDA:1,(anonymous_78)
FNDA:1,(anonymous_79)
FNDA:1,(anonymous_80)
FNDA:0,c
FNDA:0,d
FNDA:0,e
FNDA:0,f
FNDA:0,(anonymous_85)
FNDA:0,(anonymous_86)
FNDA:0,(anonymous_87)
FNDA:0,(anonymous_88)
FNDA:1,(anonymous_89)
FNDA:0,(anonymous_90)
FNDA:1,(anonymous_91)
FNDA:0,d
FNDA:1,(anonymous_93)
FNDA:0,d
FNDA:0,e
FNDA:0,f
FNDA:0,g
FNDA:0,h
FNDA:0,(anonymous_99)
FNDA:0,(anonymous_100)
FNDA:0,(anonymous_101)
FNDA:0,(anonymous_102)
FNDA:0,(anonymous_103)
FNDA:1,(anonymous_104)
FNDA:0,d
FNDA:0,(anonymous_106)
FNDA:0,(anonymous_107)
FNDA:0,(anonymous_108)
FNDA:0,(anonymous_109)
FNDA:0,(anonymous_110)
FNDA:0,(anonymous_111)
FNDA:0,(anonymous_112)
FNDA:0,(anonymous_113)
FNDA:0,(anonymous_114)
FNDA:0,(anonymous_115)
FNDA:0,(anonymous_116)
FNDA:0,(anonymous_117)
FNDA:0,(anonymous_118)
FNDA:0,(anonymous_119)
FNDA:0,(anonymous_120)
FNDA:0,(anonymous_121)
FNDA:0,(anonymous_122)
FNDA:0,(anonymous_123)
FNDA:0,a
FNDA:0,b
FNDA:0,(anonymous_126)
FNDA:0,(anonymous_127)
FNDA:0,(anonymous_128)
FNDA:0,(anonymous_129)
FNDA:0,(anonymous_130)
FNDA:0,(anonymous_131)
FNDA:0,(anonymous_132)
FNDA:0,(anonymous_133)
FNDA:1,(anonymous_134)
FNDA:0,d
FNDA:0,(anonymous_136)
FNDA:0,(anonymous_137)
FNDA:0,e
FNDA:0,(anonymous_139)
FNDA:0,(anonymous_140)
FNDA:0,(anonymous_141)
FNDA:0,(anonymous_142)
FNDA:0,(anonymous_143)
FNDA:0,(anonymous_144)
FNDA:0,(anonymous_145)
FNDA:0,e
FNDA:0,(anonymous_147)
FNDA:1,(anonymous_148)
FNDA:0,d
FNDA:0,e
FNDA:0,f
FNDA:0,(anonymous_152)
FNDA:0,(anonymous_153)
FNDA:0,g
FNDA:0,(anonymous_155)
FNDA:0,(anonymous_156)
FNDA:0,(anonymous_157)
FNDA:0,(anonymous_158)
FNDA:1,(anonymous_159)
FNDA:0,d
FNDA:0,e
FNDA:0,(anonymous_162)
FNDA:0,f
FNDA:0,(anonymous_164)
FNDA:0,g
FNDA:0,h
FNDA:0,(anonymous_167)
FNDA:0,i
FNDA:1,(anonymous_169)
FNDA:0,d
FNDA:0,(anonymous_171)
FNDA:0,(anonymous_172)
FNDA:0,(anonymous_173)
FNDA:0,(anonymous_174)
FNDA:0,(anonymous_175)
FNDA:0,(anonymous_176)
FNDA:0,(anonymous_177)
FNDA:0,(anonymous_178)
FNDA:0,(anonymous_179)
FNDA:0,(anonymous_180)
FNDA:0,(anonymous_181)
FNDA:0,(anonymous_182)
FNDA:0,(anonymous_183)
FNDA:0,(anonymous_184)
FNDA:0,(anonymous_185)
FNDA:0,(anonymous_186)
FNDA:0,(anonymous_187)
FNDA:0,(anonymous_188)
FNDA:0,(anonymous_189)
FNDA:0,(anonymous_190)
FNDA:0,(anonymous_191)
FNDA:0,(anonymous_192)
FNDA:0,(anonymous_193)
FNDA:1,(anonymous_194)
FNDA:0,d
FNDA:0,(anonymous_196)
FNDA:0,(anonymous_197)
FNDA:0,(anonymous_198)
FNDA:0,(anonymous_199)
FNDA:0,(anonymous_200)
FNDA:0,(anonymous_201)
FNDA:0,(anonymous_202)
FNDA:0,(anonymous_203)
FNDA:0,b
FNDA:0,c
FNDA:0,(anonymous_206)
FNDA:1,(anonymous_207)
FNDA:0,d
FNDA:0,(anonymous_209)
FNDA:0,(anonymous_210)
FNDA:1,(anonymous_211)
FNDA:0,d
FNDA:0,e
FNDA:0,f
FNDA:0,g
FNDA:0,h
FNDA:0,i
FNDA:0,j
FNDA:0,k
FNDA:0,l
FNDA:0,m
FNDA:0,n
FNDA:0,o
FNDA:0,p
FNDA:0,q
FNDA:0,d
FNDA:0,e
FNDA:0,f
FNDA:0,r
FNDA:0,s
FNDA:0,t
FNDA:0,u
FNDA:0,v
FNDA:0,w
FNDA:0,x
FNDA:0,y
FNDA:0,z
FNDA:0,A
FNDA:0,B
FNDA:0,C
FNDA:0,D
FNDA:0,E
FNDA:0,F
FNDA:0,G
FNDA:1,(anonymous_245)
FNDA:0,d
FNDA:0,e
FNDA:0,f
FNDA:0,g
FNDA:0,(anonymous_250)
FNDA:1,(anonymous_251)
FNDA:0,d
FNDA:0,e
FNDA:0,f
FNDA:0,g
FNDA:0,h
FNDA:0,i
FNDA:0,j
FNDA:1,(anonymous_259)
FNDA:0,d
FNDA:0,e
FNDA:0,f
FNDA:0,g
FNDA:0,h
FNDA:0,i
FNDA:0,j
FNDA:1,(anonymous_267)
FNDA:0,d
FNDA:0,e
FNDA:0,f
FNDA:0,(anonymous_271)
FNDA:0,(anonymous_272)
FNDA:0,g
FNDA:0,(anonymous_274)
FNDA:0,(anonymous_275)
FNDA:0,h
FNDA:0,(anonymous_277)
FNDA:0,i
FNDA:1,(anonymous_279)
FNDA:0,d
FNDA:0,e
FNDA:1,(anonymous_282)
FNDA:0,d
FNDA:0,e
FNDA:1,(anonymous_285)
FNDA:0,d
FNDA:0,e
FNDA:1,(anonymous_288)
FNDA:0,d
FNDA:1,(anonymous_290)
FNDA:0,d
FNDA:1,(anonymous_292)
FNDA:0,d
FNDA:0,e
FNDA:1,(anonymous_295)
FNDA:0,d
FNDA:0,e
FNDA:1,(anonymous_298)
FNDA:0,d
FNDA:0,e
FNDA:0,f
FNDA:0,g
FNDA:0,h
FNDA:0,i
FNDA:0,j
FNDA:0,k
FNDA:0,(anonymous_307)
FNDA:1,(anonymous_308)
FNDA:0,d
FNDA:0,e
FNDA:0,f
FNDA:1,(anonymous_312)
FNDA:0,d
FNDA:0,e
FNDA:1,(anonymous_315)
FNDA:0,d
FNDA:0,e
FNDA:0,f
FNDA:0,g
FNDA:0,(anonymous_320)
FNDA:0,h
FNDA:0,i
FNDA:0,j
FNDA:1,(anonymous_324)
FNDA:11,d
FNDA:0,(anonymous_326)
FNDA:0,(anonymous_327)
FNDA:0,(anonymous_328)
FNDA:0,(anonymous_329)
FNDA:0,(anonymous_330)
FNDA:0,(anonymous_331)
FNDA:0,(anonymous_332)
FNDA:0,(anonymous_333)
FNDA:0,(anonymous_334)
FNDA:0,(anonymous_335)
FNDA:0,(anonymous_336)
FNDA:0,(anonymous_337)
FNDA:0,(anonymous_338)
FNDA:0,(anonymous_339)
FNDA:0,(anonymous_340)
FNDA:0,(anonymous_341)
FNDA:0,(anonymous_342)
FNDA:0,(anonymous_343)
FNDA:0,(anonymous_344)
FNDA:0,(anonymous_345)
FNDA:0,(anonymous_346)
FNDA:0,(anonymous_347)
FNDA:0,(anonymous_348)
FNDA:0,(anonymous_349)
FNDA:0,(anonymous_350)
FNDA:0,(anonymous_351)
FNDA:0,(anonymous_352)
FNDA:0,(anonymous_353)
FNDA:0,(anonymous_354)
FNDA:0,(anonymous_355)
FNDA:0,(anonymous_356)
FNDA:0,(anonymous_357)
FNDA:0,(anonymous_358)
FNDA:0,(anonymous_359)
FNDA:0,(anonymous_360)
FNDA:0,(anonymous_361)
FNDA:0,(anonymous_362)
FNDA:0,(anonymous_363)
FNDA:0,(anonymous_364)
FNDA:1,(anonymous_365)
FNDA:0,d
FNDA:0,e
FNDA:0,f
FNDA:0,g
FNDA:0,h
FNDA:0,i
FNDA:0,j
FNDA:0,k
FNDA:1,(anonymous_374)
FNDA:0,(anonymous_375)
FNDA:0,(anonymous_376)
FNDA:0,(anonymous_377)
FNDA:0,(anonymous_378)
FNDA:0,(anonymous_379)
FNDA:0,(anonymous_380)
FNDA:1,(anonymous_381)
FNDA:1,(anonymous_382)
FNDA:0,b
FNDA:0,c
FNDA:0,d
FNDA:0,(anonymous_386)
FNDA:0,(anonymous_387)
FNDA:0,e
FNDA:0,(anonymous_389)
FNDA:0,(anonymous_390)
FNDA:0,(anonymous_391)
FNDA:0,f
FNDA:0,g
FNDA:0,(anonymous_394)
FNDA:0,(anonymous_395)
FNDA:0,(anonymous_396)
FNDA:0,h
FNDA:0,i
FNDA:0,j
FNDA:0,k
FNDA:2,l
FNDA:0,(anonymous_402)
FNDA:0,(anonymous_403)
FNDA:0,(anonymous_404)
FNDA:0,(anonymous_405)
FNDA:0,(anonymous_406)
FNDA:0,(anonymous_407)
FNDA:0,m
FNDA:0,n
FNDA:0,o
FNDA:0,(anonymous_411)
FNDA:0,p
FNDA:0,(anonymous_413)
FNDA:0,q
FNDA:1,(anonymous_415)
FNDA:0,(anonymous_416)
FNDA:0,(anonymous_417)
FNDA:0,(anonymous_418)
FNDA:0,(anonymous_419)
FNDA:0,(anonymous_420)
FNDA:0,(anonymous_421)
FNDA:0,(anonymous_422)
FNDA:0,(anonymous_423)
FNDA:0,(anonymous_424)
FNDA:0,(anonymous_425)
FNDA:0,(anonymous_426)
FNDA:0,(anonymous_427)
FNDA:0,(anonymous_428)
FNDA:0,(anonymous_429)
FNDA:0,(anonymous_430)
FNDA:0,(anonymous_431)
FNDA:0,(anonymous_432)
FNDA:0,(anonymous_433)
FNDA:0,(anonymous_434)
FNDA:0,(anonymous_435)
FNDA:0,(anonymous_436)
FNDA:0,(anonymous_437)
FNDA:0,(anonymous_438)
FNDA:0,(anonymous_439)
FNDA:1,(anonymous_440)
FNDA:1,(anonymous_441)
FNDA:1,(anonymous_442)
FNDA:0,(anonymous_443)
FNDA:0,(anonymous_444)
FNDA:0,(anonymous_445)
FNDA:0,(anonymous_446)
FNDA:0,(anonymous_447)
FNDA:0,(anonymous_448)
FNDA:0,(anonymous_449)
FNDA:1,(anonymous_450)
FNDA:0,(anonymous_451)
FNDA:0,(anonymous_452)
FNDA:0,(anonymous_453)
FNDA:0,(anonymous_454)
FNDA:0,(anonymous_455)
FNDA:0,(anonymous_456)
FNDA:0,(anonymous_457)
FNDA:0,(anonymous_458)
FNDA:0,(anonymous_459)
FNDA:0,(anonymous_460)
FNDA:0,(anonymous_461)
FNDA:0,(anonymous_462)
FNDA:1,(anonymous_463)
FNDA:0,(anonymous_464)
FNDA:0,(anonymous_465)
FNDA:0,(anonymous_466)
FNDA:0,(anonymous_467)
FNDA:0,(anonymous_468)
FNDA:0,(anonymous_469)
FNDA:0,(anonymous_470)
FNDA:0,(anonymous_471)
FNDA:0,(anonymous_472)
FNDA:0,(anonymous_473)
FNDA:0,(anonymous_474)
FNDA:0,(anonymous_475)
FNDA:0,(anonymous_476)
FNDA:0,(anonymous_477)
FNDA:0,(anonymous_478)
FNDA:0,(anonymous_479)
FNDA:0,(anonymous_480)
FNDA:0,(anonymous_481)
FNDA:0,(anonymous_482)
FNDA:0,(anonymous_483)
FNDA:0,(anonymous_484)
FNDA:0,(anonymous_485)
FNDA:0,(anonymous_486)
FNDA:0,(anonymous_487)
FNDA:0,(anonymous_488)
FNDA:0,(anonymous_489)
FNDA:1,(anonymous_490)
FNDA:0,(anonymous_491)
FNDA:0,(anonymous_492)
FNDA:0,(anonymous_493)
FNDA:0,(anonymous_494)
FNDA:0,(anonymous_495)
FNDA:0,(anonymous_496)
FNDA:0,(anonymous_497)
FNDA:1,(anonymous_498)
FNDA:0,(anonymous_499)
FNDA:0,(anonymous_500)
FNDA:0,(anonymous_501)
FNDA:0,(anonymous_502)
FNDA:0,(anonymous_503)
FNDA:0,(anonymous_504)
FNDA:0,(anonymous_505)
FNDA:1,(anonymous_506)
FNDA:0,(anonymous_507)
FNDA:0,(anonymous_508)
FNDA:0,(anonymous_509)
FNDA:0,(anonymous_510)
FNDA:0,(anonymous_511)
FNDA:0,(anonymous_512)
FNDA:0,(anonymous_513)
FNDA:1,(anonymous_514)
FNDA:0,(anonymous_515)
FNDA:0,(anonymous_516)
FNDA:1,(anonymous_517)
FNDA:1,(anonymous_518)
FNDA:0,(anonymous_519)
FNDA:0,(anonymous_520)
FNDA:0,(anonymous_521)
FNDA:0,(anonymous_522)
FNDA:0,(anonymous_523)
FNDA:0,(anonymous_524)
FNDA:0,(anonymous_525)
FNDA:0,(anonymous_526)
FNDA:0,(anonymous_527)
FNDA:0,(anonymous_528)
FNDA:0,(anonymous_529)
FNDA:0,(anonymous_530)
FNDA:0,(anonymous_531)
FNDA:0,(anonymous_532)
FNDA:0,(anonymous_533)
FNDA:0,(anonymous_534)
FNDA:0,(anonymous_535)
FNDA:0,(anonymous_536)
FNDA:0,(anonymous_537)
FNDA:0,(anonymous_538)
FNDA:0,(anonymous_539)
FNDA:0,(anonymous_540)
FNDA:0,(anonymous_541)
FNDA:1,(anonymous_542)
FNDA:0,(anonymous_543)
FNDA:0,(anonymous_544)
FNDA:0,(anonymous_545)
FNDA:0,(anonymous_546)
FNDA:0,(anonymous_547)
FNDA:0,(anonymous_548)
FNDA:0,(anonymous_549)
FNDA:0,(anonymous_550)
FNDA:0,(anonymous_551)
FNDA:1,(anonymous_552)
FNDA:1,d
FNDA:1,e
FNDA:0,f
FNDA:0,g
FNDA:0,(anonymous_557)
FNDA:0,(anonymous_558)
FNDA:0,(anonymous_559)
FNDA:0,(anonymous_560)
FNDA:0,(anonymous_561)
FNDA:0,(anonymous_562)
FNDA:0,(anonymous_563)
FNDA:0,(anonymous_564)
FNDA:0,(anonymous_565)
FNDA:0,(anonymous_566)
FNDA:0,(anonymous_567)
FNDA:0,(anonymous_568)
FNDA:0,(anonymous_569)
FNDA:0,(anonymous_570)
FNDA:0,(anonymous_571)
FNDA:1,(anonymous_572)
FNDA:0,d
FNDA:0,e
FNDA:0,f
FNDA:0,(anonymous_576)
FNDA:0,(anonymous_577)
FNDA:0,(anonymous_578)
FNDA:0,(anonymous_579)
FNDA:0,g
FNDA:0,(anonymous_581)
FNDA:0,(anonymous_582)
FNDA:0,(anonymous_583)
FNDA:0,(anonymous_584)
FNDA:1,(anonymous_585)
FNDA:0,d
FNDA:0,(anonymous_587)
FNDA:0,(anonymous_588)
FNDA:0,(anonymous_589)
FNDA:0,(anonymous_590)
FNDA:0,(anonymous_591)
FNDA:0,(anonymous_592)
FNDA:0,(anonymous_593)
FNDA:0,(anonymous_594)
FNDA:0,(anonymous_595)
FNDA:0,(anonymous_596)
FNDA:0,(anonymous_597)
FNDA:0,(anonymous_598)
FNDA:0,(anonymous_599)
FNDA:0,(anonymous_600)
FNDA:0,(anonymous_601)
FNDA:0,(anonymous_602)
FNDA:0,(anonymous_603)
FNDA:0,(anonymous_604)
FNDA:0,(anonymous_605)
FNDA:0,c
FNDA:0,(anonymous_607)
FNDA:0,(anonymous_608)
FNDA:0,(anonymous_609)
FNDA:0,(anonymous_610)
FNDA:0,(anonymous_611)
FNDA:1,(anonymous_612)
FNDA:0,(anonymous_613)
FNDA:0,(anonymous_614)
FNDA:1,(anonymous_615)
FNDA:0,d
FNDA:0,(anonymous_617)
FNDA:0,(anonymous_618)
FNDA:0,(anonymous_619)
FNDA:0,(anonymous_620)
FNDA:0,(anonymous_621)
FNDA:0,(anonymous_622)
FNDA:0,(anonymous_623)
FNDA:0,(anonymous_624)
FNDA:0,(anonymous_625)
FNDA:0,(anonymous_626)
FNDA:1,(anonymous_627)
FNDA:0,(anonymous_628)
FNDA:0,(anonymous_629)
FNDA:0,(anonymous_630)
FNDA:0,(anonymous_631)
FNDA:0,(anonymous_632)
FNDA:0,(anonymous_633)
FNDA:0,(anonymous_634)
FNDA:0,(anonymous_635)
FNDA:0,(anonymous_636)
FNDA:0,(anonymous_637)
FNDA:0,(anonymous_638)
FNDA:0,(anonymous_639)
FNDA:0,(anonymous_640)
FNDA:0,(anonymous_641)
FNDA:0,(anonymous_642)
FNDA:0,(anonymous_643)
FNDA:0,(anonymous_644)
FNDA:0,(anonymous_645)
FNDA:0,(anonymous_646)
FNDA:0,(anonymous_647)
FNDA:0,(anonymous_648)
FNDA:0,(anonymous_649)
FNDA:0,(anonymous_650)
FNDA:0,(anonymous_651)
FNDA:0,(anonymous_652)
FNDA:0,(anonymous_653)
FNDA:0,(anonymous_654)
FNDA:0,(anonymous_655)
FNDA:0,(anonymous_656)
FNDA:0,(anonymous_657)
FNDA:0,(anonymous_658)
FNDA:0,(anonymous_659)
FNDA:0,(anonymous_660)
FNDA:0,(anonymous_661)
FNDA:0,(anonymous_662)
FNDA:0,(anonymous_663)
FNDA:0,(anonymous_664)
FNDA:0,(anonymous_665)
FNDA:0,(anonymous_666)
FNDA:0,(anonymous_667)
FNDA:0,(anonymous_668)
FNDA:0,(anonymous_669)
FNDA:0,(anonymous_670)
FNDA:0,(anonymous_671)
FNDA:0,(anonymous_672)
FNDA:0,(anonymous_673)
FNDA:0,(anonymous_674)
FNDA:0,(anonymous_675)
FNDA:0,(anonymous_676)
FNDA:0,(anonymous_677)
FNDA:0,(anonymous_678)
FNDA:0,(anonymous_679)
FNDA:1,(anonymous_680)
FNDA:0,(anonymous_681)
FNDA:0,(anonymous_682)
FNDA:0,(anonymous_683)
FNDA:0,(anonymous_684)
FNDA:0,(anonymous_685)
FNDA:1,(anonymous_686)
FNDA:1,(anonymous_687)
FNDA:0,(anonymous_688)
FNDA:1,(anonymous_689)
FNDA:1,(anonymous_690)
FNDA:1,(anonymous_691)
FNDA:1,(anonymous_692)
FNDA:0,(anonymous_693)
FNDA:0,(anonymous_694)
FNDA:0,(anonymous_695)
FNDA:0,(anonymous_696)
FNDA:0,(anonymous_697)
FNDA:0,(anonymous_698)
FNDA:0,(anonymous_699)
FNDA:0,(anonymous_700)
FNDA:0,(anonymous_701)
FNDA:1,(anonymous_702)
FNDA:0,(anonymous_703)
FNDA:0,(anonymous_704)
FNDA:0,(anonymous_705)
FNDA:0,(anonymous_706)
FNDA:0,(anonymous_707)
FNDA:0,(anonymous_708)
FNDA:0,(anonymous_709)
FNDA:0,(anonymous_710)
FNDA:0,(anonymous_711)
FNDA:0,(anonymous_712)
FNDA:0,(anonymous_713)
FNDA:0,(anonymous_714)
FNDA:0,(anonymous_715)
FNDA:1,(anonymous_716)
FNDA:0,(anonymous_717)
FNDA:0,(anonymous_718)
FNDA:0,(anonymous_719)
FNDA:0,(anonymous_720)
FNDA:0,(anonymous_721)
FNDA:0,(anonymous_722)
FNDA:0,(anonymous_723)
FNDA:0,(anonymous_724)
FNDA:1,(anonymous_725)
FNDA:0,(anonymous_726)
FNDA:0,(anonymous_727)
FNDA:0,(anonymous_728)
FNDA:0,(anonymous_729)
FNDA:0,(anonymous_730)
FNDA:0,(anonymous_731)
FNDA:0,(anonymous_732)
FNDA:1,(anonymous_733)
FNDA:0,d
FNDA:0,(anonymous_735)
FNDA:0,(anonymous_736)
FNDA:0,(anonymous_737)
FNDA:0,(anonymous_738)
FNDA:0,(anonymous_739)
FNDA:1,(anonymous_740)
FNDA:0,d
FNDA:0,(anonymous_742)
FNDA:0,(anonymous_743)
FNDA:0,(anonymous_744)
FNDA:0,(anonymous_745)
FNDA:0,(anonymous_746)
FNDA:0,(anonymous_747)
FNDA:0,(anonymous_748)
FNDA:0,(anonymous_749)
FNDA:1,(anonymous_750)
FNDA:0,d
FNDA:0,(anonymous_752)
FNDA:0,(anonymous_753)
FNDA:0,(anonymous_754)
FNDA:0,(anonymous_755)
FNDA:1,(anonymous_756)
FNDA:0,d
FNDA:0,e
FNDA:0,(anonymous_759)
FNDA:0,(anonymous_760)
FNDA:0,(anonymous_761)
FNDA:0,(anonymous_762)
FNDA:0,(anonymous_763)
FNDA:0,(anonymous_764)
FNDA:0,(anonymous_765)
FNDA:0,(anonymous_766)
FNDA:0,(anonymous_767)
FNDA:0,(anonymous_768)
FNDA:0,(anonymous_769)
FNDA:0,(anonymous_770)
FNDA:0,(anonymous_771)
FNDA:0,(anonymous_772)
FNDA:1,(anonymous_773)
FNDA:0,(anonymous_774)
FNDA:0,(anonymous_775)
FNDA:0,(anonymous_776)
FNDA:0,(anonymous_777)
FNDA:0,(anonymous_778)
FNDA:0,(anonymous_779)
FNDA:1,(anonymous_780)
FNDA:0,d
FNDA:0,(anonymous_782)
FNDA:0,(anonymous_783)
FNDA:0,(anonymous_784)
FNDA:0,(anonymous_785)
FNDA:0,(anonymous_786)
FNDA:0,(anonymous_787)
FNDA:0,(anonymous_788)
FNDA:0,(anonymous_789)
FNDA:1,(anonymous_790)
FNDA:0,(anonymous_791)
FNDA:0,(anonymous_792)
FNDA:0,(anonymous_793)
FNDA:0,(anonymous_794)
FNDA:0,(anonymous_795)
FNDA:0,(anonymous_796)
FNDA:0,(anonymous_797)
FNDA:0,(anonymous_798)
FNDA:0,(anonymous_799)
FNDA:0,(anonymous_800)
FNDA:0,(anonymous_801)
FNDA:0,(anonymous_802)
FNDA:1,(anonymous_803)
FNDA:0,(anonymous_804)
FNDA:0,(anonymous_805)
FNDA:0,(anonymous_806)
FNDA:0,(anonymous_807)
FNDA:0,(anonymous_808)
FNDA:0,(anonymous_809)
FNDA:0,(anonymous_810)
FNDA:1,(anonymous_811)
FNDA:0,d
FNDA:0,e
FNDA:0,f
FNDA:0,g
FNDA:0,(anonymous_816)
FNDA:0,(anonymous_817)
FNDA:0,(anonymous_818)
FNDA:0,(anonymous_819)
FNDA:0,(anonymous_820)
FNDA:0,(anonymous_821)
FNDA:0,(anonymous_822)
FNDA:0,(anonymous_823)
FNDA:0,(anonymous_824)
FNDA:0,(anonymous_825)
FNDA:0,(anonymous_826)
FNDA:0,(anonymous_827)
FNDA:0,(anonymous_828)
FNDA:0,(anonymous_829)
FNDA:0,(anonymous_830)
FNDA:0,(anonymous_831)
FNDA:0,(anonymous_832)
FNDA:0,(anonymous_833)
FNDA:0,(anonymous_834)
FNDA:0,(anonymous_835)
FNDA:0,(anonymous_836)
FNDA:0,(anonymous_837)
FNDA:0,(anonymous_838)
FNDA:0,(anonymous_839)
FNDA:0,(anonymous_840)
FNDA:0,(anonymous_841)
FNDA:0,(anonymous_842)
FNDA:0,(anonymous_843)
FNDA:0,(anonymous_844)
FNDA:0,(anonymous_845)
FNDA:0,(anonymous_846)
FNDA:0,(anonymous_847)
FNDA:0,(anonymous_848)
FNDA:0,(anonymous_849)
FNDA:0,(anonymous_850)
FNDA:0,(anonymous_851)
FNDA:1,(anonymous_852)
FNDA:0,(anonymous_853)
FNDA:0,(anonymous_854)
FNDA:0,(anonymous_855)
FNDA:0,(anonymous_856)
FNDA:0,(anonymous_857)
FNDA:0,(anonymous_858)
FNDA:0,(anonymous_859)
FNDA:0,(anonymous_860)
FNDA:0,(anonymous_861)
FNDA:0,(anonymous_862)
FNDA:0,(anonymous_863)
FNDA:0,(anonymous_864)
FNDA:0,(anonymous_865)
FNDA:0,(anonymous_866)
FNDA:0,(anonymous_867)
FNDA:0,(anonymous_868)
FNDA:0,(anonymous_869)
FNDA:0,(anonymous_870)
FNDA:0,(anonymous_871)
FNDA:0,(anonymous_872)
FNDA:0,(anonymous_873)
FNDA:0,(anonymous_874)
FNDA:0,(anonymous_875)
FNDA:0,(anonymous_876)
FNDA:0,(anonymous_877)
FNDA:1,(anonymous_878)
FNDA:0,(anonymous_879)
FNDA:0,(anonymous_880)
FNDA:0,(anonymous_881)
FNDA:0,(anonymous_882)
FNDA:0,(anonymous_883)
FNDA:0,(anonymous_884)
FNDA:0,(anonymous_885)
FNDA:1,(anonymous_886)
FNDA:0,(anonymous_887)
FNDA:0,(anonymous_888)
FNDA:0,(anonymous_889)
FNDA:0,(anonymous_890)
FNDA:0,(anonymous_891)
FNDA:0,(anonymous_892)
FNDA:0,(anonymous_893)
FNDA:0,(anonymous_894)
FNDA:0,(anonymous_895)
FNDA:0,(anonymous_896)
FNDA:0,(anonymous_897)
FNDA:0,(anonymous_898)
FNDA:0,(anonymous_899)
FNDA:0,(anonymous_900)
FNDA:0,(anonymous_901)
FNDA:0,(anonymous_902)
FNDA:0,(anonymous_903)
FNDA:0,(anonymous_904)
FNDA:0,(anonymous_905)
FNDA:0,(anonymous_906)
FNDA:0,(anonymous_907)
FNDA:0,(anonymous_908)
FNDA:0,(anonymous_909)
FNDA:1,(anonymous_910)
FNDA:0,d
FNDA:0,(anonymous_912)
FNDA:0,(anonymous_913)
FNDA:0,(anonymous_914)
FNDA:0,(anonymous_915)
FNDA:0,(anonymous_916)
FNDA:0,(anonymous_917)
FNDA:0,(anonymous_918)
FNDA:0,(anonymous_919)
FNDA:0,(anonymous_920)
FNDA:1,(anonymous_921)
FNDA:0,(anonymous_922)
FNDA:1,(anonymous_923)
FNDA:0,(anonymous_924)
FNDA:0,(anonymous_925)
FNDA:0,(anonymous_926)
FNDA:0,(anonymous_927)
FNDA:0,(anonymous_928)
FNDA:0,(anonymous_929)
FNDA:0,(anonymous_930)
FNDA:0,(anonymous_931)
FNDA:1,(anonymous_932)
FNDA:0,(anonymous_933)
FNDA:0,(anonymous_934)
FNDA:0,(anonymous_935)
FNDA:0,(anonymous_936)
FNDA:0,(anonymous_937)
FNDA:0,(anonymous_938)
FNDA:0,(anonymous_939)
FNDA:0,(anonymous_940)
FNDA:0,(anonymous_941)
FNDA:0,(anonymous_942)
FNDA:0,(anonymous_943)
FNDA:0,(anonymous_944)
FNDA:0,(anonymous_945)
FNDA:0,(anonymous_946)
FNDA:0,(anonymous_947)
FNDA:0,(anonymous_948)
FNDA:0,(anonymous_949)
FNDA:0,(anonymous_950)
FNDA:0,(anonymous_951)
FNDA:0,(anonymous_952)
FNDA:0,(anonymous_953)
FNDA:0,(anonymous_954)
FNDA:0,(anonymous_955)
FNDA:0,(anonymous_956)
FNDA:0,(anonymous_957)
FNDA:0,(anonymous_958)
FNDA:0,(anonymous_959)
FNDA:0,(anonymous_960)
FNDA:0,(anonymous_961)
FNDA:0,(anonymous_962)
FNDA:0,(anonymous_963)
FNDA:0,(anonymous_964)
FNDA:0,(anonymous_965)
FNDA:0,(anonymous_966)
FNDA:1,(anonymous_967)
FNDA:0,(anonymous_968)
FNDA:0,(anonymous_969)
FNDA:1,(anonymous_970)
FNDA:1,(anonymous_971)
FNDA:0,(anonymous_972)
FNDA:0,(anonymous_973)
FNDA:0,(anonymous_974)
FNDA:0,(anonymous_975)
FNDA:0,(anonymous_976)
FNDA:0,(anonymous_977)
FNDA:1,(anonymous_978)
FNDA:0,(anonymous_979)
FNDA:0,(anonymous_980)
FNDA:0,(anonymous_981)
FNDA:0,(anonymous_982)
FNDA:0,(anonymous_983)
FNDA:0,(anonymous_984)
FNDA:0,(anonymous_985)
FNDA:0,(anonymous_986)
FNDA:0,(anonymous_987)
FNDA:0,(anonymous_988)
FNDA:1,(anonymous_989)
FNDA:0,(anonymous_990)
FNDA:0,(anonymous_991)
FNDA:0,(anonymous_992)
FNDA:0,(anonymous_993)
FNDA:0,(anonymous_994)
FNDA:0,(anonymous_995)
FNDA:0,(anonymous_996)
FNDA:0,(anonymous_997)
FNDA:1,(anonymous_998)
FNDA:0,(anonymous_999)
FNDA:0,(anonymous_1000)
FNDA:1,(anonymous_1001)
FNDA:0,d
FNDA:0,e
FNDA:0,f
FNDA:0,g
FNDA:0,h
FNDA:0,i
FNDA:0,j
FNDA:0,k
FNDA:0,l
FNDA:0,m
FNDA:0,n
FNDA:0,o
FNDA:0,p
FNDA:0,q
FNDA:0,(anonymous_1016)
FNDA:0,r
FNDA:0,s
FNDA:0,t
FNDA:0,u
FNDA:0,v
FNDA:0,w
FNDA:0,x
FNDA:0,(anonymous_1024)
FNDA:0,(anonymous_1025)
FNDA:0,(anonymous_1026)
FNDA:0,(anonymous_1027)
FNDA:0,(anonymous_1028)
FNDA:0,(anonymous_1029)
FNDA:0,(anonymous_1030)
FNDA:0,(anonymous_1031)
FNDA:0,(anonymous_1032)
FNDA:0,(anonymous_1033)
FNDA:0,(anonymous_1034)
FNDA:0,(anonymous_1035)
FNDA:0,(anonymous_1036)
FNDA:0,(anonymous_1037)
FNDA:0,(anonymous_1038)
FNDA:1,(anonymous_1039)
FNDA:0,(anonymous_1040)
FNDA:0,(anonymous_1041)
FNDA:0,(anonymous_1042)
FNDA:0,(anonymous_1043)
FNDA:0,(anonymous_1044)
FNDA:0,(anonymous_1045)
FNDA:0,(anonymous_1046)
FNDA:0,(anonymous_1047)
FNDA:0,(anonymous_1048)
FNDA:0,(anonymous_1049)
FNDA:1,(anonymous_1050)
FNDA:0,(anonymous_1051)
FNDA:0,(anonymous_1052)
FNDA:0,(anonymous_1053)
FNDA:0,(anonymous_1054)
FNDA:0,(anonymous_1055)
FNDA:0,(anonymous_1056)
FNDA:0,(anonymous_1057)
FNDA:0,(anonymous_1058)
FNDA:0,(anonymous_1059)
FNDA:0,(anonymous_1060)
FNDA:0,(anonymous_1061)
FNDA:1,(anonymous_1062)
FNDA:0,d
FNDA:0,e
FNDA:0,f
FNDA:0,g
FNDA:0,(anonymous_1067)
FNDA:0,(anonymous_1068)
FNDA:0,(anonymous_1069)
FNDA:0,(anonymous_1070)
FNDA:0,(anonymous_1071)
FNDA:0,(anonymous_1072)
FNDA:0,(anonymous_1073)
FNDA:0,(anonymous_1074)
FNDA:0,(anonymous_1075)
FNDA:0,(anonymous_1076)
FNDA:0,(anonymous_1077)
FNDA:0,(anonymous_1078)
FNDA:0,(anonymous_1079)
FNDA:1,(anonymous_1080)
FNDA:0,(anonymous_1081)
FNDA:0,(anonymous_1082)
FNDA:0,(anonymous_1083)
FNDA:0,(anonymous_1084)
FNDA:0,(anonymous_1085)
FNDA:0,(anonymous_1086)
FNDA:0,(anonymous_1087)
FNDA:1,(anonymous_1088)
FNDA:0,(anonymous_1089)
FNDA:0,(anonymous_1090)
FNDA:0,(anonymous_1091)
FNDA:1,(anonymous_1092)
FNDA:0,(anonymous_1093)
FNDA:1,(anonymous_1094)
FNDA:0,(anonymous_1095)
FNDA:0,(anonymous_1096)
FNDA:0,(anonymous_1097)
FNDA:1,(anonymous_1098)
FNDA:0,d
FNDA:0,(anonymous_1100)
FNDA:0,(anonymous_1101)
FNDA:0,(anonymous_1102)
FNDA:1,(anonymous_1103)
FNDA:0,(anonymous_1104)
FNDA:0,(anonymous_1105)
FNDA:0,(anonymous_1106)
FNDA:0,(anonymous_1107)
FNDA:0,(anonymous_1108)
FNDA:0,(anonymous_1109)
FNDA:1,(anonymous_1110)
FNDA:0,(anonymous_1111)
FNDA:0,(anonymous_1112)
FNDA:0,(anonymous_1113)
FNDA:0,(anonymous_1114)
FNDA:0,(anonymous_1115)
FNDA:0,(anonymous_1116)
FNDA:0,(anonymous_1117)
FNDA:1,(anonymous_1118)
FNDA:0,(anonymous_1119)
FNDA:0,(anonymous_1120)
FNDA:0,(anonymous_1121)
FNDA:0,(anonymous_1122)
FNDA:0,(anonymous_1123)
FNDA:0,(anonymous_1124)
FNDA:0,(anonymous_1125)
FNDA:0,(anonymous_1126)
FNDA:0,(anonymous_1127)
FNDA:0,(anonymous_1128)
FNDA:0,(anonymous_1129)
FNDA:0,(anonymous_1130)
FNDA:0,(anonymous_1131)
FNDA:0,(anonymous_1132)
FNDA:0,(anonymous_1133)
FNDA:0,(anonymous_1134)
FNDA:0,(anonymous_1135)
FNDA:0,(anonymous_1136)
FNDA:0,(anonymous_1137)
FNDA:0,(anonymous_1138)
FNDA:1,(anonymous_1139)
FNDA:0,(anonymous_1140)
FNDA:0,(anonymous_1141)
FNDA:0,(anonymous_1142)
FNDA:0,(anonymous_1143)
FNDA:0,(anonymous_1144)
FNDA:1,(anonymous_1145)
FNDA:0,d
FNDA:0,(anonymous_1147)
FNDA:0,e
FNDA:0,(anonymous_1149)
FNDA:0,(anonymous_1150)
FNDA:0,(anonymous_1151)
FNDA:0,(anonymous_1152)
FNDA:1,(anonymous_1153)
FNDA:0,(anonymous_1154)
FNDA:0,(anonymous_1155)
FNDA:0,(anonymous_1156)
FNDA:0,(anonymous_1157)
FNDA:0,(anonymous_1158)
FNDA:0,(anonymous_1159)
FNDA:0,(anonymous_1160)
FNDA:0,(anonymous_1161)
FNDA:0,(anonymous_1162)
FNDA:0,(anonymous_1163)
FNDA:0,(anonymous_1164)
FNDA:0,(anonymous_1165)
FNDA:0,(anonymous_1166)
FNDA:0,(anonymous_1167)
FNDA:0,(anonymous_1168)
FNDA:0,(anonymous_1169)
FNDA:0,(anonymous_1170)
FNDA:0,(anonymous_1171)
FNDA:0,(anonymous_1172)
FNDA:0,(anonymous_1173)
FNDA:0,(anonymous_1174)
FNDA:0,(anonymous_1175)
FNDA:0,(anonymous_1176)
FNDA:0,(anonymous_1177)
FNDA:0,(anonymous_1178)
FNDA:0,(anonymous_1179)
FNDA:0,(anonymous_1180)
FNDA:0,(anonymous_1181)
FNDA:0,(anonymous_1182)
FNDA:1,(anonymous_1183)
FNDA:0,(anonymous_1184)
FNDA:0,(anonymous_1185)
FNDA:0,(anonymous_1186)
FNDA:0,(anonymous_1187)
FNDA:0,(anonymous_1188)
FNDA:0,(anonymous_1189)
FNDA:0,(anonymous_1190)
FNDA:0,(anonymous_1191)
FNDA:0,(anonymous_1192)
FNDA:0,(anonymous_1193)
FNDA:0,(anonymous_1194)
FNDA:0,(anonymous_1195)
FNDA:0,(anonymous_1196)
FNDA:0,(anonymous_1197)
FNDA:0,(anonymous_1198)
FNDA:0,(anonymous_1199)
FNDA:0,(anonymous_1200)
FNDA:0,(anonymous_1201)
FNDA:0,(anonymous_1202)
FNDA:0,(anonymous_1203)
FNDA:0,(anonymous_1204)
FNDA:0,(anonymous_1205)
FNDA:0,(anonymous_1206)
FNDA:0,(anonymous_1207)
FNDA:1,(anonymous_1208)
DA:1,248
DA:2,1
DA:3,11
DA:4,2
DA:5,94
DA:6,1
DA:7,1
DA:8,1
DA:9,1
LF:9
LH:9
BRDA:1,0,0,1
BRDA:1,0,1,0
BRDA:1,1,0,1
BRDA:1,1,1,1
BRDA:1,2,0,0
BRDA:1,2,1,0
BRDA:1,3,0,0
BRDA:1,3,1,0
BRDA:1,4,0,0
BRDA:1,4,1,0
BRDA:1,5,0,0
BRDA:1,5,1,0
BRDA:1,6,0,0
BRDA:1,6,1,0
BRDA:1,7,0,92
BRDA:1,7,1,156
BRDA:1,8,0,0
BRDA:1,8,1,92
BRDA:1,9,0,0
BRDA:1,9,1,0
BRDA:1,10,0,0
BRDA:1,10,1,0
BRDA:1,11,0,0
BRDA:1,11,1,0
BRDA:1,12,0,0
BRDA:1,12,1,0
BRDA:1,13,0,246
BRDA:1,13,1,0
BRDA:1,14,0,1
BRDA:1,14,1,0
BRDA:1,15,0,1
BRDA:1,15,1,1
BRDA:1,16,0,0
BRDA:1,16,1,0
BRDA:1,17,0,0
BRDA:1,17,1,0
BRDA:1,18,0,0
BRDA:1,18,1,0
BRDA:1,18,2,0
BRDA:1,19,0,0
BRDA:1,19,1,0
BRDA:1,20,0,0
BRDA:1,20,1,0
BRDA:1,21,0,0
BRDA:1,21,1,0
BRDA:1,22,0,0
BRDA:1,22,1,0
BRDA:1,23,0,0
BRDA:1,23,1,0
BRDA:1,24,0,0
BRDA:1,24,1,0
BRDA:1,24,2,0
BRDA:1,25,0,0
BRDA:1,25,1,0
BRDA:1,26,0,0
BRDA:1,26,1,0
BRDA:1,27,0,0
BRDA:1,27,1,0
BRDA:1,28,0,0
BRDA:1,28,1,0
BRDA:1,29,0,0
BRDA:1,29,1,0
BRDA:1,29,2,0
BRDA:1,30,0,0
BRDA:1,30,1,0
BRDA:1,31,0,0
BRDA:1,31,1,0
BRDA:1,32,0,0
BRDA:1,32,1,0
BRDA:1,33,0,0
BRDA:1,33,1,0
BRDA:1,33,2,0
BRDA:1,34,0,0
BRDA:1,34,1,0
BRDA:1,35,0,0
BRDA:1,35,1,0
BRDA:1,36,0,0
BRDA:1,36,1,0
BRDA:1,37,0,0
BRDA:1,37,1,0
BRDA:1,38,0,0
BRDA:1,38,1,0
BRDA:1,39,0,0
BRDA:1,39,1,0
BRDA:1,40,0,0
BRDA:1,40,1,0
BRDA:1,41,0,0
BRDA:1,41,1,0
BRDA:1,42,0,0
BRDA:1,42,1,0
BRDA:1,43,0,0
BRDA:1,43,1,0
BRDA:1,43,2,0
BRDA:1,44,0,0
BRDA:1,44,1,0
BRDA:1,45,0,0
BRDA:1,45,1,0
BRDA:1,46,0,0
BRDA:1,46,1,0
BRDA:1,47,0,0
BRDA:1,47,1,0
BRDA:1,48,0,0
BRDA:1,48,1,0
BRDA:1,49,0,0
BRDA:1,49,1,0
BRDA:1,50,0,0
BRDA:1,50,1,0
BRDA:1,51,0,0
BRDA:1,51,1,0
BRDA:1,52,0,0
BRDA:1,52,1,0
BRDA:1,53,0,0
BRDA:1,53,1,0
BRDA:1,54,0,0
BRDA:1,54,1,0
BRDA:1,55,0,0
BRDA:1,55,1,0
BRDA:1,56,0,0
BRDA:1,56,1,0
BRDA:1,57,0,0
BRDA:1,57,1,0
BRDA:1,58,0,0
BRDA:1,58,1,0
BRDA:1,59,0,0
BRDA:1,59,1,0
BRDA:1,60,0,0
BRDA:1,60,1,0
BRDA:1,61,0,0
BRDA:1,61,1,0
BRDA:1,62,0,0
BRDA:1,62,1,0
BRDA:1,63,0,0
BRDA:1,63,1,0
BRDA:1,64,0,1
BRDA:1,64,1,0
BRDA:1,65,0,0
BRDA:1,65,1,0
BRDA:1,66,0,1
BRDA:1,66,1,0
BRDA:1,67,0,1
BRDA:1,67,1,0
BRDA:1,68,0,1
BRDA:1,68,1,1
BRDA:1,69,0,1
BRDA:1,69,1,0
BRDA:1,70,0,0
BRDA:1,70,1,0
BRDA:1,71,0,0
BRDA:1,71,1,0
BRDA:1,72,0,1
BRDA:1,72,1,0
BRDA:1,73,0,1
BRDA:1,73,1,0
BRDA:1,74,0,1
BRDA:1,74,1,1
BRDA:1,75,0,1
BRDA:1,75,1,0
BRDA:1,75,2,0
BRDA:1,76,0,1
BRDA:1,76,1,1
BRDA:1,76,2,0
BRDA:1,77,0,0
BRDA:1,77,1,1
BRDA:1,78,0,0
BRDA:1,78,1,1
BRDA:1,79,0,0
BRDA:1,79,1,1
BRDA:1,80,0,0
BRDA:1,80,1,1
BRDA:1,81,0,1
BRDA:1,81,1,0
BRDA:1,82,0,0
BRDA:1,82,1,0
BRDA:1,83,0,0
BRDA:1,83,1,0
BRDA:1,84,0,0
BRDA:1,84,1,0
BRDA:1,85,0,0
BRDA:1,85,1,0
BRDA:1,86,0,0
BRDA:1,86,1,0
BRDA:1,87,0,0
BRDA:1,87,1,0
BRDA:1,88,0,0
BRDA:1,88,1,0
BRDA:1,89,0,0
BRDA:1,89,1,0
BRDA:1,90,0,0
BRDA:1,90,1,0
BRDA:1,91,0,1
BRDA:1,91,1,0
BRDA:1,92,0,0
BRDA:1,92,1,0
BRDA:1,93,0,0
BRDA:1,93,1,0
BRDA:1,94,0,0
BRDA:1,94,1,1
BRDA:1,95,0,1
BRDA:1,95,1,0
BRDA:1,96,0,1
BRDA:1,96,1,0
BRDA:1,97,0,1
BRDA:1,97,1,1
BRDA:1,98,0,0
BRDA:1,98,1,0
BRDA:1,99,0,0
BRDA:1,99,1,0
BRDA:1,100,0,0
BRDA:1,100,1,0
BRDA:1,101,0,0
BRDA:1,101,1,0
BRDA:1,102,0,0
BRDA:1,102,1,0
BRDA:1,103,0,0
BRDA:1,103,1,0
BRDA:1,104,0,0
BRDA:1,104,1,0
BRDA:1,105,0,0
BRDA:1,105,1,0
BRDA:1,106,0,0
BRDA:1,106,1,0
BRDA:1,106,2,0
BRDA:1,106,3,0
BRDA:1,107,0,0
BRDA:1,107,1,0
BRDA:1,108,0,0
BRDA:1,108,1,0
BRDA:1,109,0,0
BRDA:1,109,1,0
BRDA:1,110,0,0
BRDA:1,110,1,0
BRDA:1,111,0,0
BRDA:1,111,1,0
BRDA:1,112,0,0
BRDA:1,112,1,0
BRDA:1,113,0,0
BRDA:1,113,1,0
BRDA:1,114,0,0
BRDA:1,114,1,0
BRDA:1,115,0,0
BRDA:1,115,1,0
BRDA:1,116,0,0
BRDA:1,116,1,0
BRDA:1,117,0,0
BRDA:1,117,1,0
BRDA:1,118,0,0
BRDA:1,118,1,0
BRDA:1,119,0,0
BRDA:1,119,1,0
BRDA:1,120,0,0
BRDA:1,120,1,0
BRDA:1,121,0,0
BRDA:1,121,1,0
BRDA:1,122,0,0
BRDA:1,122,1,0
BRDA:1,123,0,0
BRDA:1,123,1,0
BRDA:1,124,0,0
BRDA:1,124,1,0
BRDA:1,125,0,0
BRDA:1,125,1,0
BRDA:1,126,0,0
BRDA:1,126,1,0
BRDA:1,127,0,0
BRDA:1,127,1,0
BRDA:1,128,0,0
BRDA:1,128,1,0
BRDA:1,129,0,0
BRDA:1,129,1,0
BRDA:1,130,0,0
BRDA:1,130,1,0
BRDA:1,131,0,0
BRDA:1,131,1,0
BRDA:1,132,0,0
BRDA:1,132,1,0
BRDA:1,133,0,0
BRDA:1,133,1,0
BRDA:1,134,0,0
BRDA:1,134,1,0
BRDA:1,135,0,0
BRDA:1,135,1,0
BRDA:1,136,0,0
BRDA:1,136,1,0
BRDA:1,137,0,0
BRDA:1,137,1,0
BRDA:1,138,0,0
BRDA:1,138,1,0
BRDA:1,139,0,0
BRDA:1,139,1,0
BRDA:1,140,0,0
BRDA:1,140,1,0
BRDA:1,141,0,0
BRDA:1,141,1,0
BRDA:1,142,0,0
BRDA:1,142,1,0
BRDA:1,143,0,0
BRDA:1,143,1,0
BRDA:1,144,0,0
BRDA:1,144,1,0
BRDA:1,145,0,0
BRDA:1,145,1,0
BRDA:1,146,0,0
BRDA:1,146,1,0
BRDA:1,147,0,0
BRDA:1,147,1,0
BRDA:1,148,0,0
BRDA:1,148,1,0
BRDA:1,149,0,0
BRDA:1,149,1,0
BRDA:1,150,0,0
BRDA:1,150,1,0
BRDA:1,151,0,0
BRDA:1,151,1,0
BRDA:1,152,0,0
BRDA:1,152,1,0
BRDA:1,153,0,0
BRDA:1,153,1,0
BRDA:1,154,0,0
BRDA:1,154,1,0
BRDA:1,155,0,0
BRDA:1,155,1,0
BRDA:1,156,0,0
BRDA:1,156,1,0
BRDA:1,157,0,0
BRDA:1,157,1,0
BRDA:1,158,0,0
BRDA:1,158,1,0
BRDA:1,159,0,0
BRDA:1,159,1,0
BRDA:1,160,0,0
BRDA:1,160,1,0
BRDA:1,161,0,0
BRDA:1,161,1,0
BRDA:1,162,0,0
BRDA:1,162,1,0
BRDA:1,163,0,0
BRDA:1,163,1,0
BRDA:1,164,0,0
BRDA:1,164,1,0
BRDA:1,165,0,0
BRDA:1,165,1,0
BRDA:1,166,0,0
BRDA:1,166,1,0
BRDA:1,167,0,0
BRDA:1,167,1,0
BRDA:1,168,0,0
BRDA:1,168,1,0
BRDA:1,169,0,0
BRDA:1,169,1,0
BRDA:1,169,2,0
BRDA:1,170,0,0
BRDA:1,170,1,0
BRDA:1,171,0,0
BRDA:1,171,1,0
BRDA:1,172,0,0
BRDA:1,172,1,0
BRDA:1,173,0,0
BRDA:1,173,1,0
BRDA:1,174,0,0
BRDA:1,174,1,0
BRDA:1,175,0,0
BRDA:1,175,1,0
BRDA:1,176,0,0
BRDA:1,176,1,0
BRDA:1,177,0,0
BRDA:1,177,1,0
BRDA:1,178,0,0
BRDA:1,178,1,0
BRDA:1,179,0,0
BRDA:1,179,1,0
BRDA:1,180,0,0
BRDA:1,180,1,0
BRDA:1,181,0,0
BRDA:1,181,1,0
BRDA:1,182,0,0
BRDA:1,182,1,0
BRDA:1,183,0,0
BRDA:1,183,1,0
BRDA:1,184,0,0
BRDA:1,184,1,0
BRDA:1,185,0,0
BRDA:1,185,1,0
BRDA:1,186,0,0
BRDA:1,186,1,0
BRDA:1,187,0,0
BRDA:1,187,1,0
BRDA:1,188,0,0
BRDA:1,188,1,0
BRDA:1,189,0,0
BRDA:1,189,1,0
BRDA:1,190,0,0
BRDA:1,190,1,0
BRDA:1,190,2,0
BRDA:1,191,0,0
BRDA:1,191,1,0
BRDA:1,192,0,0
BRDA:1,192,1,0
BRDA:1,193,0,0
BRDA:1,193,1,0
BRDA:1,194,0,0
BRDA:1,194,1,0
BRDA:1,195,0,0
BRDA:1,195,1,0
BRDA:1,196,0,0
BRDA:1,196,1,0
BRDA:1,196,2,0
BRDA:1,196,3,0
BRDA:1,196,4,0
BRDA:1,196,5,0
BRDA:1,196,6,0
BRDA:1,196,7,0
BRDA:1,196,8,0
BRDA:1,196,9,0
BRDA:1,196,10,0
BRDA:1,196,11,0
BRDA:1,196,12,0
BRDA:1,196,13,0
BRDA:1,196,14,0
BRDA:1,197,0,0
BRDA:1,197,1,0
BRDA:1,198,0,0
BRDA:1,198,1,0
BRDA:1,199,0,0
BRDA:1,199,1,0
BRDA:1,200,0,0
BRDA:1,200,1,0
BRDA:1,201,0,0
BRDA:1,201,1,0
BRDA:1,202,0,0
BRDA:1,202,1,0
BRDA:1,203,0,0
BRDA:1,203,1,0
BRDA:1,204,0,0
BRDA:1,204,1,0
BRDA:2,205,0,0
BRDA:2,205,1,0
BRDA:2,206,0,0
BRDA:2,206,1,0
BRDA:2,207,0,0
BRDA:2,207,1,0
BRDA:2,208,0,0
BRDA:2,208,1,0
BRDA:2,209,0,0
BRDA:2,209,1,0
BRDA:2,210,0,0
BRDA:2,210,1,0
BRDA:2,211,0,0
BRDA:2,211,1,0
BRDA:2,212,0,0
BRDA:2,212,1,0
BRDA:2,213,0,0
BRDA:2,213,1,0
BRDA:2,214,0,0
BRDA:2,214,1,0
BRDA:2,215,0,0
BRDA:2,215,1,0
BRDA:2,215,2,0
BRDA:2,216,0,0
BRDA:2,216,1,0
BRDA:2,217,0,0
BRDA:2,217,1,0
BRDA:2,218,0,0
BRDA:2,218,1,0
BRDA:2,219,0,0
BRDA:2,219,1,0
BRDA:2,220,0,0
BRDA:2,220,1,0
BRDA:2,221,0,0
BRDA:2,221,1,0
BRDA:2,222,0,0
BRDA:2,222,1,0
BRDA:2,223,0,0
BRDA:2,223,1,0
BRDA:2,224,0,0
BRDA:2,224,1,0
BRDA:2,225,0,0
BRDA:2,225,1,0
BRDA:2,226,0,0
BRDA:2,226,1,0
BRDA:2,227,0,0
BRDA:2,227,1,0
BRDA:2,228,0,0
BRDA:2,228,1,0
BRDA:2,229,0,0
BRDA:2,229,1,0
BRDA:2,230,0,0
BRDA:2,230,1,0
BRDA:2,231,0,0
BRDA:2,231,1,0
BRDA:2,232,0,0
BRDA:2,232,1,0
BRDA:2,233,0,0
BRDA:2,233,1,0
BRDA:2,234,0,0
BRDA:2,234,1,0
BRDA:2,235,0,0
BRDA:2,235,1,0
BRDA:2,236,0,0
BRDA:2,236,1,0
BRDA:2,237,0,0
BRDA:2,237,1,0
BRDA:2,238,0,0
BRDA:2,238,1,0
BRDA:2,239,0,0
BRDA:2,239,1,0
BRDA:2,240,0,0
BRDA:2,240,1,0
BRDA:2,241,0,0
BRDA:2,241,1,0
BRDA:2,242,0,0
BRDA:2,242,1,0
BRDA:2,243,0,0
BRDA:2,243,1,0
BRDA:2,244,0,0
BRDA:2,244,1,0
BRDA:2,245,0,0
BRDA:2,245,1,0
BRDA:2,246,0,0
BRDA:2,246,1,0
BRDA:2,247,0,0
BRDA:2,247,1,0
BRDA:2,248,0,0
BRDA:2,248,1,0
BRDA:2,249,0,0
BRDA:2,249,1,0
BRDA:2,250,0,0
BRDA:2,250,1,0
BRDA:2,251,0,0
BRDA:2,251,1,0
BRDA:2,252,0,0
BRDA:2,252,1,0
BRDA:2,253,0,0
BRDA:2,253,1,0
BRDA:2,254,0,0
BRDA:2,254,1,0
BRDA:2,255,0,0
BRDA:2,255,1,0
BRDA:2,256,0,0
BRDA:2,256,1,0
BRDA:2,257,0,0
BRDA:2,257,1,0
BRDA:2,258,0,0
BRDA:2,258,1,0
BRDA:2,259,0,0
BRDA:2,259,1,0
BRDA:2,260,0,0
BRDA:2,260,1,0
BRDA:2,261,0,0
BRDA:2,261,1,0
BRDA:2,262,0,0
BRDA:2,262,1,0
BRDA:2,263,0,0
BRDA:2,263,1,0
BRDA:2,263,2,0
BRDA:2,264,0,0
BRDA:2,264,1,0
BRDA:2,264,2,0
BRDA:2,264,3,0
BRDA:2,264,4,0
BRDA:2,264,5,0
BRDA:2,264,6,0
BRDA:2,264,7,0
BRDA:2,264,8,0
BRDA:2,264,9,0
BRDA:2,264,10,0
BRDA:2,264,11,0
BRDA:2,264,12,0
BRDA:2,264,13,0
BRDA:2,264,14,0
BRDA:2,264,15,0
BRDA:2,264,16,0
BRDA:2,264,17,0
BRDA:2,264,18,0
BRDA:2,264,19,0
BRDA:2,264,20,0
BRDA:2,264,21,0
BRDA:2,264,22,0
BRDA:2,264,23,0
BRDA:2,264,24,0
BRDA:2,264,25,0
BRDA:2,265,0,0
BRDA:2,265,1,0
BRDA:2,265,2,0
BRDA:2,266,0,0
BRDA:2,266,1,0
BRDA:2,267,0,0
BRDA:2,267,1,0
BRDA:2,268,0,0
BRDA:2,268,1,0
BRDA:2,269,0,0
BRDA:2,269,1,0
BRDA:2,269,2,0
BRDA:2,269,3,0
BRDA:2,269,4,0
BRDA:2,270,0,0
BRDA:2,270,1,0
BRDA:2,271,0,0
BRDA:2,271,1,0
BRDA:2,271,2,0
BRDA:2,272,0,0
BRDA:2,272,1,0
BRDA:2,273,0,0
BRDA:2,273,1,0
BRDA:2,273,2,0
BRDA:2,274,0,0
BRDA:2,274,1,0
BRDA:2,274,2,0
BRDA:2,275,0,0
BRDA:2,275,1,0
BRDA:2,276,0,0
BRDA:2,276,1,0
BRDA:2,277,0,0
BRDA:2,277,1,0
BRDA:2,278,0,0
BRDA:2,278,1,0
BRDA:2,279,0,0
BRDA:2,279,1,0
BRDA:2,280,0,0
BRDA:2,280,1,0
BRDA:2,281,0,0
BRDA:2,281,1,0
BRDA:2,282,0,0
BRDA:2,282,1,0
BRDA:2,283,0,0
BRDA:2,283,1,0
BRDA:2,284,0,0
BRDA:2,284,1,0
BRDA:2,285,0,0
BRDA:2,285,1,0
BRDA:2,286,0,0
BRDA:2,286,1,0
BRDA:2,287,0,0
BRDA:2,287,1,0
BRDA:2,288,0,0
BRDA:2,288,1,0
BRDA:2,289,0,0
BRDA:2,289,1,0
BRDA:2,290,0,0
BRDA:2,290,1,0
BRDA:2,291,0,0
BRDA:2,291,1,0
BRDA:2,292,0,0
BRDA:2,292,1,0
BRDA:2,293,0,0
BRDA:2,293,1,0
BRDA:2,294,0,0
BRDA:2,294,1,0
BRDA:2,294,2,0
BRDA:2,295,0,0
BRDA:2,295,1,0
BRDA:2,296,0,0
BRDA:2,296,1,0
BRDA:2,297,0,0
BRDA:2,297,1,0
BRDA:2,298,0,0
BRDA:2,298,1,0
BRDA:2,299,0,0
BRDA:2,299,1,0
BRDA:2,300,0,0
BRDA:2,300,1,0
BRDA:2,301,0,0
BRDA:2,301,1,0
BRDA:2,301,2,0
BRDA:2,302,0,0
BRDA:2,302,1,0
BRDA:2,303,0,0
BRDA:2,303,1,0
BRDA:2,304,0,0
BRDA:2,304,1,0
BRDA:2,305,0,0
BRDA:2,305,1,0
BRDA:2,306,0,0
BRDA:2,306,1,0
BRDA:2,307,0,0
BRDA:2,307,1,0
BRDA:2,308,0,0
BRDA:2,308,1,0
BRDA:2,309,0,0
BRDA:2,309,1,0
BRDA:2,310,0,0
BRDA:2,310,1,0
BRDA:2,311,0,0
BRDA:2,311,1,0
BRDA:2,312,0,0
BRDA:2,312,1,0
BRDA:2,313,0,0
BRDA:2,313,1,0
BRDA:2,314,0,0
BRDA:2,314,1,0
BRDA:2,315,0,0
BRDA:2,315,1,0
BRDA:2,316,0,0
BRDA:2,316,1,0
BRDA:2,317,0,0
BRDA:2,317,1,0
BRDA:2,318,0,0
BRDA:2,318,1,0
BRDA:2,319,0,0
BRDA:2,319,1,0
BRDA:2,320,0,0
BRDA:2,320,1,0
BRDA:2,321,0,0
BRDA:2,321,1,0
BRDA:2,322,0,0
BRDA:2,322,1,0
BRDA:2,323,0,0
BRDA:2,323,1,0
BRDA:2,324,0,0
BRDA:2,324,1,0
BRDA:2,325,0,0
BRDA:2,325,1,0
BRDA:2,326,0,0
BRDA:2,326,1,0
BRDA:2,327,0,0
BRDA:2,327,1,0
BRDA:2,328,0,0
BRDA:2,328,1,0
BRDA:2,329,0,0
BRDA:2,329,1,0
BRDA:2,330,0,0
BRDA:2,330,1,0
BRDA:2,331,0,0
BRDA:2,331,1,0
BRDA:2,332,0,0
BRDA:2,332,1,0
BRDA:2,333,0,0
BRDA:2,333,1,0
BRDA:2,334,0,0
BRDA:2,334,1,0
BRDA:2,335,0,0
BRDA:2,335,1,0
BRDA:2,336,0,0
BRDA:2,336,1,0
BRDA:2,337,0,0
BRDA:2,337,1,0
BRDA:2,338,0,0
BRDA:2,338,1,0
BRDA:2,339,0,0
BRDA:2,339,1,0
BRDA:2,340,0,0
BRDA:2,340,1,0
BRDA:2,341,0,0
BRDA:2,341,1,0
BRDA:2,342,0,0
BRDA:2,342,1,0
BRDA:2,343,0,0
BRDA:2,343,1,0
BRDA:2,344,0,0
BRDA:2,344,1,0
BRDA:2,345,0,0
BRDA:2,345,1,0
BRDA:2,346,0,0
BRDA:2,346,1,0
BRDA:2,347,0,0
BRDA:2,347,1,0
BRDA:2,348,0,0
BRDA:2,348,1,0
BRDA:2,349,0,0
BRDA:2,349,1,0
BRDA:2,350,0,0
BRDA:2,350,1,0
BRDA:2,351,0,0
BRDA:2,351,1,0
BRDA:2,352,0,0
BRDA:2,352,1,0
BRDA:2,353,0,0
BRDA:2,353,1,0
BRDA:2,354,0,0
BRDA:2,354,1,0
BRDA:2,355,0,0
BRDA:2,355,1,0
BRDA:2,356,0,0
BRDA:2,356,1,0
BRDA:2,357,0,0
BRDA:2,357,1,0
BRDA:2,358,0,0
BRDA:2,358,1,0
BRDA:2,359,0,0
BRDA:2,359,1,0
BRDA:2,360,0,0
BRDA:2,360,1,0
BRDA:2,361,0,0
BRDA:2,361,1,0
BRDA:2,362,0,0
BRDA:2,362,1,0
BRDA:2,363,0,0
BRDA:2,363,1,0
BRDA:2,364,0,0
BRDA:2,364,1,0
BRDA:2,365,0,0
BRDA:2,365,1,0
BRDA:2,366,0,0
BRDA:2,366,1,0
BRDA:2,366,2,0
BRDA:3,367,0,0
BRDA:3,367,1,0
BRDA:3,368,0,0
BRDA:3,368,1,0
BRDA:3,369,0,0
BRDA:3,369,1,0
BRDA:3,370,0,0
BRDA:3,370,1,0
BRDA:3,371,0,0
BRDA:3,371,1,0
BRDA:3,372,0,0
BRDA:3,372,1,0
BRDA:3,373,0,0
BRDA:3,373,1,0
BRDA:3,373,2,0
BRDA:3,374,0,0
BRDA:3,374,1,0
BRDA:3,375,0,0
BRDA:3,375,1,0
BRDA:3,376,0,0
BRDA:3,376,1,0
BRDA:3,376,2,0
BRDA:3,377,0,0
BRDA:3,377,1,0
BRDA:3,378,0,0
BRDA:3,378,1,0
BRDA:3,379,0,0
BRDA:3,379,1,0
BRDA:3,380,0,0
BRDA:3,380,1,0
BRDA:3,381,0,0
BRDA:3,381,1,0
BRDA:3,382,0,0
BRDA:3,382,1,0
BRDA:3,383,0,0
BRDA:3,383,1,0
BRDA:3,384,0,0
BRDA:3,384,1,0
BRDA:3,385,0,0
BRDA:3,385,1,0
BRDA:3,386,0,0
BRDA:3,386,1,0
BRDA:3,387,0,0
BRDA:3,387,1,0
BRDA:3,388,0,0
BRDA:3,388,1,0
BRDA:3,389,0,0
BRDA:3,389,1,0
BRDA:3,390,0,0
BRDA:3,390,1,0
BRDA:3,391,0,0
BRDA:3,391,1,0
BRDA:3,392,0,0
BRDA:3,392,1,0
BRDA:3,393,0,0
BRDA:3,393,1,0
BRDA:3,393,2,0
BRDA:3,393,3,0
BRDA:3,394,0,0
BRDA:3,394,1,0
BRDA:3,395,0,0
BRDA:3,395,1,0
BRDA:3,396,0,0
BRDA:3,396,1,0
BRDA:3,397,0,0
BRDA:3,397,1,0
BRDA:3,398,0,0
BRDA:3,398,1,0
BRDA:3,398,2,0
BRDA:3,399,0,0
BRDA:3,399,1,0
BRDA:3,400,0,0
BRDA:3,400,1,0
BRDA:3,401,0,0
BRDA:3,401,1,0
BRDA:3,402,0,0
BRDA:3,402,1,0
BRDA:3,403,0,0
BRDA:3,403,1,0
BRDA:3,404,0,0
BRDA:3,404,1,0
BRDA:3,405,0,0
BRDA:3,405,1,0
BRDA:3,406,0,0
BRDA:3,406,1,0
BRDA:3,406,2,0
BRDA:3,407,0,0
BRDA:3,407,1,0
BRDA:3,408,0,0
BRDA:3,408,1,0
BRDA:3,409,0,0
BRDA:3,409,1,0
BRDA:3,410,0,0
BRDA:3,410,1,0
BRDA:3,411,0,0
BRDA:3,411,1,0
BRDA:3,412,0,0
BRDA:3,412,1,0
BRDA:3,413,0,0
BRDA:3,413,1,0
BRDA:3,414,0,0
BRDA:3,414,1,0
BRDA:3,415,0,0
BRDA:3,415,1,0
BRDA:3,416,0,0
BRDA:3,416,1,0
BRDA:3,417,0,0
BRDA:3,417,1,0
BRDA:3,418,0,0
BRDA:3,418,1,0
BRDA:3,419,0,0
BRDA:3,419,1,0
BRDA:3,420,0,0
BRDA:3,420,1,0
BRDA:3,421,0,0
BRDA:3,421,1,0
BRDA:3,422,0,0
BRDA:3,422,1,0
BRDA:3,423,0,0
BRDA:3,423,1,0
BRDA:3,424,0,0
BRDA:3,424,1,0
BRDA:3,425,0,0
BRDA:3,425,1,0
BRDA:3,426,0,0
BRDA:3,426,1,0
BRDA:3,427,0,0
BRDA:3,427,1,0
BRDA:3,428,0,0
BRDA:3,428,1,0
BRDA:3,429,0,0
BRDA:3,429,1,0
BRDA:3,430,0,0
BRDA:3,430,1,0
BRDA:3,431,0,0
BRDA:3,431,1,0
BRDA:3,432,0,0
BRDA:3,432,1,0
BRDA:3,433,0,0
BRDA:3,433,1,0
BRDA:3,434,0,0
BRDA:3,434,1,0
BRDA:3,435,0,0
BRDA:3,435,1,0
BRDA:3,436,0,0
BRDA:3,436,1,0
BRDA:3,437,0,0
BRDA:3,437,1,0
BRDA:3,438,0,0
BRDA:3,438,1,0
BRDA:3,439,0,0
BRDA:3,439,1,0
BRDA:3,440,0,0
BRDA:3,440,1,0
BRDA:3,441,0,0
BRDA:3,441,1,0
BRDA:3,442,0,0
BRDA:3,442,1,0
BRDA:3,443,0,0
BRDA:3,443,1,0
BRDA:3,444,0,0
BRDA:3,444,1,0
BRDA:3,445,0,1
BRDA:3,445,1,1
BRDA:3,446,0,0
BRDA:3,446,1,0
BRDA:3,447,0,0
BRDA:3,447,1,0
BRDA:3,448,0,0
BRDA:3,448,1,0
BRDA:3,449,0,0
BRDA:3,449,1,0
BRDA:3,450,0,0
BRDA:3,450,1,0
BRDA:3,451,0,0
BRDA:3,451,1,0
BRDA:3,452,0,0
BRDA:3,452,1,0
BRDA:3,453,0,0
BRDA:3,453,1,0
BRDA:3,454,0,0
BRDA:3,454,1,0
BRDA:3,455,0,0
BRDA:3,455,1,0
BRDA:3,456,0,0
BRDA:3,456,1,0
BRDA:3,457,0,0
BRDA:3,457,1,0
BRDA:3,458,0,0
BRDA:3,458,1,0
BRDA:3,459,0,0
BRDA:3,459,1,0
BRDA:3,460,0,0
BRDA:3,460,1,0
BRDA:3,461,0,0
BRDA:3,461,1,0
BRDA:3,462,0,0
BRDA:3,462,1,0
BRDA:3,463,0,1
BRDA:3,463,1,1
BRDA:3,464,0,0
BRDA:3,464,1,0
BRDA:3,465,0,0
BRDA:3,465,1,0
BRDA:3,466,0,0
BRDA:3,466,1,0
BRDA:3,467,0,0
BRDA:3,467,1,0
BRDA:3,468,0,0
BRDA:3,468,1,0
BRDA:3,469,0,0
BRDA:3,469,1,0
BRDA:3,470,0,0
BRDA:3,470,1,0
BRDA:3,471,0,0
BRDA:3,471,1,0
BRDA:3,471,2,0
BRDA:3,472,0,0
BRDA:3,472,1,0
BRDA:3,473,0,0
BRDA:3,473,1,0
BRDA:3,474,0,0
BRDA:3,474,1,0
BRDA:3,474,2,0
BRDA:3,475,0,0
BRDA:3,475,1,0
BRDA:3,475,2,0
BRDA:3,476,0,0
BRDA:3,476,1,0
BRDA:3,477,0,0
BRDA:3,477,1,0
BRDA:3,478,0,0
BRDA:3,478,1,0
BRDA:3,479,0,0
BRDA:3,479,1,0
BRDA:3,480,0,1
BRDA:3,480,1,0
BRDA:3,481,0,1
BRDA:3,481,1,0
BRDA:3,482,0,0
BRDA:3,482,1,0
BRDA:3,483,0,0
BRDA:3,483,1,0
BRDA:3,483,2,0
BRDA:3,484,0,0
BRDA:3,484,1,0
BRDA:3,485,0,0
BRDA:3,485,1,0
BRDA:3,486,0,0
BRDA:3,486,1,0
BRDA:4,487,0,0
BRDA:4,487,1,0
BRDA:4,488,0,0
BRDA:4,488,1,0
BRDA:4,489,0,0
BRDA:4,489,1,0
BRDA:4,490,0,0
BRDA:4,490,1,0
BRDA:4,491,0,0
BRDA:4,491,1,0
BRDA:4,492,0,0
BRDA:4,492,1,0
BRDA:4,493,0,0
BRDA:4,493,1,0
BRDA:4,494,0,0
BRDA:4,494,1,0
BRDA:4,495,0,0
BRDA:4,495,1,0
BRDA:4,496,0,0
BRDA:4,496,1,0
BRDA:4,497,0,0
BRDA:4,497,1,0
BRDA:4,498,0,0
BRDA:4,498,1,0
BRDA:4,499,0,0
BRDA:4,499,1,0
BRDA:4,500,0,0
BRDA:4,500,1,0
BRDA:4,501,0,0
BRDA:4,501,1,0
BRDA:4,502,0,0
BRDA:4,502,1,0
BRDA:4,502,2,0
BRDA:4,503,0,0
BRDA:4,503,1,0
BRDA:4,504,0,0
BRDA:4,504,1,0
BRDA:4,504,2,0
BRDA:4,505,0,0
BRDA:4,505,1,0
BRDA:4,506,0,0
BRDA:4,506,1,0
BRDA:4,507,0,0
BRDA:4,507,1,0
BRDA:4,508,0,0
BRDA:4,508,1,0
BRDA:4,509,0,0
BRDA:4,509,1,0
BRDA:4,509,2,0
BRDA:4,510,0,2
BRDA:4,510,1,2
BRDA:4,511,0,0
BRDA:4,511,1,0
BRDA:4,512,0,0
BRDA:4,512,1,0
BRDA:4,513,0,0
BRDA:4,513,1,0
BRDA:4,514,0,0
BRDA:4,514,1,0
BRDA:4,515,0,0
BRDA:4,515,1,0
BRDA:4,516,0,0
BRDA:4,516,1,0
BRDA:4,517,0,0
BRDA:4,517,1,0
BRDA:4,518,0,0
BRDA:4,518,1,0
BRDA:4,519,0,0
BRDA:4,519,1,0
BRDA:4,520,0,0
BRDA:4,520,1,0
BRDA:4,521,0,2
BRDA:4,521,1,2
BRDA:4,522,0,0
BRDA:4,522,1,0
BRDA:4,523,0,0
BRDA:4,523,1,0
BRDA:4,524,0,0
BRDA:4,524,1,0
BRDA:4,525,0,0
BRDA:4,525,1,0
BRDA:4,526,0,0
BRDA:4,526,1,0
BRDA:4,527,0,0
BRDA:4,527,1,0
BRDA:4,527,2,0
BRDA:4,528,0,0
BRDA:4,528,1,0
BRDA:4,529,0,0
BRDA:4,529,1,0
BRDA:4,529,2,0
BRDA:4,530,0,0
BRDA:4,530,1,0
BRDA:4,530,2,0
BRDA:4,531,0,0
BRDA:4,531,1,0
BRDA:4,531,2,0
BRDA:4,532,0,0
BRDA:4,532,1,0
BRDA:4,532,2,0
BRDA:4,533,0,0
BRDA:4,533,1,0
BRDA:4,533,2,0
BRDA:4,534,0,0
BRDA:4,534,1,0
BRDA:4,535,0,0
BRDA:4,535,1,0
BRDA:4,536,0,0
BRDA:4,536,1,0
BRDA:4,537,0,0
BRDA:4,537,1,0
BRDA:4,538,0,0
BRDA:4,538,1,0
BRDA:4,539,0,0
BRDA:4,539,1,0
BRDA:4,540,0,0
BRDA:4,540,1,0
BRDA:4,541,0,1
BRDA:4,541,1,0
BRDA:4,542,0,1
BRDA:4,542,1,1
BRDA:4,543,0,1
BRDA:4,543,1,1
BRDA:4,543,2,1
BRDA:4,544,0,1
BRDA:4,544,1,0
BRDA:4,545,0,0
BRDA:4,545,1,0
BRDA:4,546,0,1
BRDA:4,546,1,0
BRDA:4,547,0,0
BRDA:4,547,1,0
BRDA:4,548,0,0
BRDA:4,548,1,0
BRDA:4,549,0,0
BRDA:4,549,1,0
BRDA:4,550,0,0
BRDA:4,550,1,0
BRDA:4,551,0,1
BRDA:4,551,1,1
BRDA:4,552,0,0
BRDA:4,552,1,0
BRDA:4,553,0,0
BRDA:4,553,1,0
BRDA:4,554,0,0
BRDA:4,554,1,0
BRDA:4,555,0,0
BRDA:4,555,1,0
BRDA:4,556,0,0
BRDA:4,556,1,0
BRDA:4,557,0,0
BRDA:4,557,1,0
BRDA:4,557,2,0
BRDA:4,558,0,0
BRDA:4,558,1,0
BRDA:4,559,0,1
BRDA:4,559,1,0
BRDA:4,560,0,1
BRDA:4,560,1,1
BRDA:4,560,2,1
BRDA:4,560,3,0
BRDA:4,560,4,1
BRDA:4,560,5,0
BRDA:4,560,6,0
BRDA:4,560,7,0
BRDA:4,561,0,1
BRDA:4,561,1,0
BRDA:4,562,0,0
BRDA:4,562,1,0
BRDA:4,563,0,0
BRDA:4,563,1,0
BRDA:4,564,0,0
BRDA:4,564,1,0
BRDA:4,565,0,0
BRDA:4,565,1,0
BRDA:4,566,0,0
BRDA:4,566,1,0
BRDA:4,567,0,0
BRDA:4,567,1,0
BRDA:4,568,0,0
BRDA:4,568,1,0
BRDA:4,569,0,0
BRDA:4,569,1,0
BRDA:4,570,0,0
BRDA:4,570,1,0
BRDA:4,571,0,0
BRDA:4,571,1,0
BRDA:4,572,0,0
BRDA:4,572,1,0
BRDA:4,573,0,0
BRDA:4,573,1,0
BRDA:4,574,0,0
BRDA:4,574,1,0
BRDA:4,575,0,0
BRDA:4,575,1,0
BRDA:4,576,0,0
BRDA:4,576,1,0
BRDA:4,577,0,0
BRDA:4,577,1,0
BRDA:4,578,0,0
BRDA:4,578,1,0
BRDA:4,579,0,0
BRDA:4,579,1,0
BRDA:4,580,0,0
BRDA:4,580,1,0
BRDA:4,581,0,0
BRDA:4,581,1,0
BRDA:4,582,0,0
BRDA:4,582,1,0
BRDA:4,583,0,0
BRDA:4,583,1,0
BRDA:4,584,0,0
BRDA:4,584,1,0
BRDA:4,585,0,0
BRDA:4,585,1,0
BRDA:4,586,0,0
BRDA:4,586,1,0
BRDA:4,587,0,0
BRDA:4,587,1,0
BRDA:4,588,0,0
BRDA:4,588,1,0
BRDA:4,589,0,0
BRDA:4,589,1,0
BRDA:4,590,0,0
BRDA:4,590,1,0
BRDA:4,591,0,0
BRDA:4,591,1,0
BRDA:4,592,0,0
BRDA:4,592,1,0
BRDA:4,593,0,0
BRDA:4,593,1,0
BRDA:4,594,0,0
BRDA:4,594,1,0
BRDA:4,595,0,0
BRDA:4,595,1,0
BRDA:4,596,0,0
BRDA:4,596,1,0
BRDA:4,597,0,0
BRDA:4,597,1,0
BRDA:4,598,0,0
BRDA:4,598,1,0
BRDA:4,599,0,0
BRDA:4,599,1,0
BRDA:4,600,0,0
BRDA:4,600,1,0
BRDA:4,601,0,0
BRDA:4,601,1,0
BRDA:4,602,0,0
BRDA:4,602,1,0
BRDA:4,603,0,0
BRDA:4,603,1,0
BRDA:4,604,0,0
BRDA:4,604,1,0
BRDA:4,605,0,0
BRDA:4,605,1,0
BRDA:4,606,0,0
BRDA:4,606,1,0
BRDA:4,607,0,0
BRDA:4,607,1,0
BRDA:4,608,0,0
BRDA:4,608,1,0
BRDA:4,609,0,0
BRDA:4,609,1,0
BRDA:4,610,0,0
BRDA:4,610,1,0
BRDA:4,611,0,0
BRDA:4,611,1,0
BRDA:4,612,0,0
BRDA:4,612,1,0
BRDA:4,613,0,0
BRDA:4,613,1,0
BRDA:4,614,0,0
BRDA:4,614,1,0
BRDA:4,615,0,0
BRDA:4,615,1,0
BRDA:4,616,0,0
BRDA:4,616,1,0
BRDA:4,616,2,0
BRDA:4,617,0,0
BRDA:4,617,1,0
BRDA:4,618,0,0
BRDA:4,618,1,0
BRDA:4,619,0,0
BRDA:4,619,1,0
BRDA:4,620,0,0
BRDA:4,620,1,0
BRDA:4,621,0,0
BRDA:4,621,1,0
BRDA:4,622,0,0
BRDA:4,622,1,0
BRDA:4,623,0,0
BRDA:4,623,1,0
BRDA:4,624,0,0
BRDA:4,624,1,0
BRDA:4,625,0,0
BRDA:4,625,1,0
BRDA:4,626,0,0
BRDA:4,626,1,0
BRDA:4,627,0,0
BRDA:4,627,1,0
BRDA:4,628,0,0
BRDA:4,628,1,0
BRDA:4,629,0,0
BRDA:4,629,1,0
BRDA:4,630,0,0
BRDA:4,630,1,0
BRDA:4,631,0,0
BRDA:4,631,1,0
BRDA:4,632,0,0
BRDA:4,632,1,0
BRDA:4,633,0,0
BRDA:4,633,1,0
BRDA:4,634,0,0
BRDA:4,634,1,0
BRDA:4,635,0,0
BRDA:4,635,1,0
BRDA:4,636,0,0
BRDA:4,636,1,0
BRDA:4,637,0,0
BRDA:4,637,1,0
BRDA:4,638,0,0
BRDA:4,638,1,0
BRDA:4,639,0,0
BRDA:4,639,1,0
BRDA:4,640,0,0
BRDA:4,640,1,0
BRDA:4,641,0,0
BRDA:4,641,1,0
BRDA:4,642,0,0
BRDA:4,642,1,0
BRDA:4,643,0,0
BRDA:4,643,1,0
BRDA:4,644,0,0
BRDA:4,644,1,0
BRDA:4,645,0,0
BRDA:4,645,1,0
BRDA:4,646,0,0
BRDA:4,646,1,0
BRDA:4,647,0,0
BRDA:4,647,1,0
BRDA:4,648,0,0
BRDA:4,648,1,0
BRDA:4,649,0,0
BRDA:4,649,1,0
BRDA:4,650,0,0
BRDA:4,650,1,0
BRDA:4,651,0,0
BRDA:4,651,1,0
BRDA:4,652,0,0
BRDA:4,652,1,0
BRDA:4,653,0,0
BRDA:4,653,1,0
BRDA:4,653,2,0
BRDA:4,654,0,0
BRDA:4,654,1,0
BRDA:4,655,0,0
BRDA:4,655,1,0
BRDA:4,656,0,0
BRDA:4,656,1,0
BRDA:4,657,0,0
BRDA:4,657,1,0
BRDA:4,657,2,0
BRDA:4,658,0,0
BRDA:4,658,1,0
BRDA:4,659,0,0
BRDA:4,659,1,0
BRDA:4,660,0,0
BRDA:4,660,1,0
BRDA:4,661,0,0
BRDA:4,661,1,0
BRDA:4,662,0,0
BRDA:4,662,1,0
BRDA:4,663,0,0
BRDA:4,663,1,0
BRDA:4,664,0,0
BRDA:4,664,1,0
BRDA:4,665,0,0
BRDA:4,665,1,0
BRDA:4,666,0,0
BRDA:4,666,1,0
BRDA:4,667,0,0
BRDA:4,667,1,0
BRDA:4,668,0,0
BRDA:4,668,1,0
BRDA:4,669,0,0
BRDA:4,669,1,0
BRDA:4,670,0,0
BRDA:4,670,1,0
BRDA:4,671,0,0
BRDA:4,671,1,0
BRDA:4,672,0,0
BRDA:4,672,1,0
BRDA:4,673,0,0
BRDA:4,673,1,0
BRDA:4,674,0,0
BRDA:4,674,1,0
BRDA:4,675,0,0
BRDA:4,675,1,0
BRDA:4,676,0,0
BRDA:4,676,1,0
BRDA:4,677,0,0
BRDA:4,677,1,0
BRDA:4,678,0,0
BRDA:4,678,1,0
BRDA:4,679,0,0
BRDA:4,679,1,0
BRDA:4,680,0,0
BRDA:4,680,1,0
BRDA:4,681,0,0
BRDA:4,681,1,0
BRDA:4,682,0,0
BRDA:4,682,1,0
BRDA:4,683,0,0
BRDA:4,683,1,0
BRDA:4,684,0,0
BRDA:4,684,1,0
BRDA:4,685,0,0
BRDA:4,685,1,0
BRDA:4,686,0,0
BRDA:4,686,1,0
BRDA:4,687,0,0
BRDA:4,687,1,0
BRDA:4,687,2,0
BRDA:4,687,3,0
BRDA:4,687,4,0
BRDA:4,688,0,0
BRDA:4,688,1,0
BRDA:4,688,2,0
BRDA:4,688,3,0
BRDA:4,688,4,0
BRDA:4,689,0,0
BRDA:4,689,1,0
BRDA:4,689,2,0
BRDA:4,689,3,0
BRDA:4,690,0,0
BRDA:4,690,1,0
BRDA:4,690,2,0
BRDA:4,690,3,0
BRDA:4,691,0,0
BRDA:4,691,1,0
BRDA:4,692,0,0
BRDA:4,692,1,0
BRDA:4,693,0,0
BRDA:4,693,1,0
BRDA:4,694,0,0
BRDA:4,694,1,0
BRDA:4,695,0,0
BRDA:4,695,1,0
BRDA:4,696,0,0
BRDA:4,696,1,0
BRDA:4,697,0,0
BRDA:4,697,1,0
BRDA:4,698,0,0
BRDA:4,698,1,0
BRDA:4,699,0,0
BRDA:4,699,1,0
BRDA:4,699,2,0
BRDA:4,700,0,0
BRDA:4,700,1,0
BRDA:4,701,0,0
BRDA:4,701,1,0
BRDA:4,702,0,0
BRDA:4,702,1,0
BRDA:4,702,2,0
BRDA:4,703,0,0
BRDA:4,703,1,0
BRDA:4,703,2,0
BRDA:4,704,0,0
BRDA:4,704,1,0
BRDA:4,705,0,0
BRDA:4,705,1,0
BRDA:4,706,0,0
BRDA:4,706,1,0
BRDA:4,707,0,0
BRDA:4,707,1,0
BRDA:4,708,0,0
BRDA:4,708,1,0
BRDA:4,709,0,0
BRDA:4,709,1,0
BRDA:4,709,2,0
BRDA:4,710,0,0
BRDA:4,710,1,0
BRDA:4,711,0,0
BRDA:4,711,1,0
BRDA:4,712,0,0
BRDA:4,712,1,0
BRDA:4,713,0,0
BRDA:4,713,1,0
BRDA:4,714,0,0
BRDA:4,714,1,0
BRDA:4,715,0,0
BRDA:4,715,1,0
BRDA:4,716,0,0
BRDA:4,716,1,0
BRDA:4,717,0,0
BRDA:4,717,1,0
BRDA:4,718,0,0
BRDA:4,718,1,0
BRDA:4,718,2,0
BRDA:4,719,0,0
BRDA:4,719,1,0
BRDA:4,720,0,0
BRDA:4,720,1,0
BRDA:4,721,0,0
BRDA:4,721,1,0
BRDA:4,721,2,0
BRDA:4,722,0,0
BRDA:4,722,1,0
BRDA:4,723,0,0
BRDA:4,723,1,0
BRDA:4,724,0,0
BRDA:4,724,1,0
BRDA:4,725,0,0
BRDA:4,725,1,0
BRDA:4,726,0,0
BRDA:4,726,1,0
BRDA:5,727,0,0
BRDA:5,727,1,0
BRDA:5,728,0,0
BRDA:5,728,1,0
BRDA:5,729,0,0
BRDA:5,729,1,0
BRDA:5,730,0,0
BRDA:5,730,1,0
BRDA:5,731,0,0
BRDA:5,731,1,0
BRDA:5,732,0,0
BRDA:5,732,1,0
BRDA:5,733,0,0
BRDA:5,733,1,0
BRDA:5,734,0,0
BRDA:5,734,1,0
BRDA:5,735,0,0
BRDA:5,735,1,0
BRDA:5,736,0,0
BRDA:5,736,1,0
BRDA:5,737,0,0
BRDA:5,737,1,0
BRDA:5,738,0,0
BRDA:5,738,1,0
BRDA:5,739,0,0
BRDA:5,739,1,0
BRDA:5,740,0,0
BRDA:5,740,1,0
BRDA:5,741,0,0
BRDA:5,741,1,0
BRDA:5,742,0,0
BRDA:5,742,1,0
BRDA:5,743,0,0
BRDA:5,743,1,0
BRDA:5,744,0,0
BRDA:5,744,1,0
BRDA:5,745,0,0
BRDA:5,745,1,0
BRDA:5,746,0,0
BRDA:5,746,1,0
BRDA:5,747,0,0
BRDA:5,747,1,0
BRDA:5,748,0,0
BRDA:5,748,1,0
BRDA:5,749,0,0
BRDA:5,749,1,0
BRDA:5,750,0,0
BRDA:5,750,1,0
BRDA:5,751,0,0
BRDA:5,751,1,0
BRDA:5,752,0,0
BRDA:5,752,1,0
BRDA:5,753,0,0
BRDA:5,753,1,0
BRDA:5,754,0,1
BRDA:5,754,1,0
BRDA:5,754,2,0
BRDA:5,754,3,0
BRDA:5,754,4,0
BRDA:5,754,5,0
BRDA:5,755,0,1
BRDA:5,755,1,0
BRDA:5,755,2,0
BRDA:5,755,3,0
BRDA:5,755,4,0
BRDA:5,755,5,0
BRDA:5,756,0,0
BRDA:5,756,1,0
BRDA:5,757,0,0
BRDA:5,757,1,0
BRDA:5,757,2,0
BRDA:5,757,3,0
BRDA:5,758,0,0
BRDA:5,758,1,0
BRDA:5,759,0,0
BRDA:5,759,1,0
BRDA:5,760,0,0
BRDA:5,760,1,0
BRDA:5,761,0,0
BRDA:5,761,1,0
BRDA:5,762,0,0
BRDA:5,762,1,0
BRDA:5,763,0,0
BRDA:5,763,1,0
BRDA:5,764,0,0
BRDA:5,764,1,0
BRDA:5,765,0,0
BRDA:5,765,1,0
BRDA:5,766,0,1
BRDA:5,766,1,0
BRDA:5,767,0,1
BRDA:5,767,1,1
BRDA:5,768,0,0
BRDA:5,768,1,0
BRDA:5,769,0,0
BRDA:5,769,1,0
BRDA:5,770,0,0
BRDA:5,770,1,0
BRDA:5,771,0,0
BRDA:5,771,1,0
BRDA:5,772,0,0
BRDA:5,772,1,0
BRDA:5,773,0,0
BRDA:5,773,1,0
BRDA:5,773,2,0
BRDA:5,773,3,0
BRDA:5,773,4,0
BRDA:5,774,0,0
BRDA:5,774,1,0
BRDA:5,775,0,0
BRDA:5,775,1,0
BRDA:5,776,0,0
BRDA:5,776,1,0
BRDA:5,777,0,0
BRDA:5,777,1,0
BRDA:5,778,0,0
BRDA:5,778,1,0
BRDA:5,779,0,0
BRDA:5,779,1,0
BRDA:5,780,0,0
BRDA:5,780,1,0
BRDA:5,780,2,0
BRDA:5,780,3,0
BRDA:5,781,0,0
BRDA:5,781,1,0
BRDA:5,782,0,0
BRDA:5,782,1,0
BRDA:5,782,2,0
BRDA:5,782,3,0
BRDA:5,783,0,0
BRDA:5,783,1,0
BRDA:5,784,0,0
BRDA:5,784,1,0
BRDA:5,785,0,0
BRDA:5,785,1,0
BRDA:5,786,0,0
BRDA:5,786,1,0
BRDA:5,787,0,0
BRDA:5,787,1,0
BRDA:5,788,0,0
BRDA:5,788,1,0
BRDA:5,789,0,0
BRDA:5,789,1,0
BRDA:5,789,2,0
BRDA:5,790,0,0
BRDA:5,790,1,0
BRDA:5,791,0,0
BRDA:5,791,1,0
BRDA:5,792,0,0
BRDA:5,792,1,0
BRDA:5,793,0,0
BRDA:5,793,1,0
BRDA:5,794,0,0
BRDA:5,794,1,0
BRDA:5,795,0,0
BRDA:5,795,1,0
BRDA:5,796,0,0
BRDA:5,796,1,0
BRDA:5,797,0,0
BRDA:5,797,1,0
BRDA:5,798,0,0
BRDA:5,798,1,0
BRDA:5,799,0,0
BRDA:5,799,1,0
BRDA:5,800,0,0
BRDA:5,800,1,0
BRDA:5,801,0,0
BRDA:5,801,1,0
BRDA:5,802,0,1
BRDA:5,802,1,0
BRDA:5,803,0,0
BRDA:5,803,1,0
BRDA:5,804,0,0
BRDA:5,804,1,0
BRDA:5,805,0,0
BRDA:5,805,1,0
BRDA:5,806,0,0
BRDA:5,806,1,0
BRDA:5,807,0,0
BRDA:5,807,1,0
BRDA:5,808,0,0
BRDA:5,808,1,0
BRDA:5,809,0,0
BRDA:5,809,1,0
BRDA:5,810,0,0
BRDA:5,810,1,0
BRDA:5,810,2,0
BRDA:5,810,3,0
BRDA:5,811,0,0
BRDA:5,811,1,0
BRDA:5,812,0,0
BRDA:5,812,1,0
BRDA:5,813,0,0
BRDA:5,813,1,0
BRDA:5,814,0,0
BRDA:5,814,1,0
BRDA:5,815,0,0
BRDA:5,815,1,0
BRDA:5,816,0,0
BRDA:5,816,1,0
BRDA:5,817,0,0
BRDA:5,817,1,0
BRDA:5,818,0,0
BRDA:5,818,1,0
BRDA:5,819,0,0
BRDA:5,819,1,0
BRDA:5,820,0,0
BRDA:5,820,1,0
BRDA:5,821,0,0
BRDA:5,821,1,0
BRDA:5,822,0,0
BRDA:5,822,1,0
BRDA:5,823,0,0
BRDA:5,823,1,0
BRDA:5,824,0,0
BRDA:5,824,1,0
BRDA:5,825,0,0
BRDA:5,825,1,0
BRDA:5,826,0,0
BRDA:5,826,1,0
BRDA:5,827,0,0
BRDA:5,827,1,0
BRDA:5,828,0,0
BRDA:5,828,1,0
BRDA:5,828,2,0
BRDA:5,828,3,0
BRDA:5,829,0,0
BRDA:5,829,1,0
BRDA:5,830,0,0
BRDA:5,830,1,0
BRDA:5,831,0,0
BRDA:5,831,1,0
BRDA:5,831,2,0
BRDA:5,832,0,0
BRDA:5,832,1,0
BRDA:5,833,0,0
BRDA:5,833,1,0
BRDA:5,834,0,0
BRDA:5,834,1,0
BRDA:5,835,0,0
BRDA:5,835,1,0
BRDA:5,836,0,0
BRDA:5,836,1,0
BRDA:5,836,2,0
BRDA:5,837,0,0
BRDA:5,837,1,0
BRDA:5,838,0,0
BRDA:5,838,1,0
BRDA:5,839,0,0
BRDA:5,839,1,0
BRDA:5,840,0,0
BRDA:5,840,1,0
BRDA:5,841,0,0
BRDA:5,841,1,0
BRDA:5,842,0,0
BRDA:5,842,1,0
BRDA:5,843,0,0
BRDA:5,843,1,0
BRDA:5,844,0,0
BRDA:5,844,1,0
BRDA:5,845,0,0
BRDA:5,845,1,0
BRDA:5,846,0,0
BRDA:5,846,1,0
BRDA:5,847,0,0
BRDA:5,847,1,0
BRDA:5,847,2,0
BRDA:5,847,3,0
BRDA:5,848,0,0
BRDA:5,848,1,0
BRDA:5,848,2,0
BRDA:5,849,0,0
BRDA:5,849,1,0
BRDA:5,849,2,0
BRDA:5,849,3,0
BRDA:5,850,0,0
BRDA:5,850,1,0
BRDA:5,851,0,0
BRDA:5,851,1,0
BRDA:5,852,0,0
BRDA:5,852,1,0
BRDA:5,853,0,0
BRDA:5,853,1,0
BRDA:5,854,0,0
BRDA:5,854,1,0
BRDA:5,855,0,0
BRDA:5,855,1,0
BRDA:5,856,0,0
BRDA:5,856,1,0
BRDA:5,857,0,0
BRDA:5,857,1,0
BRDA:5,858,0,0
BRDA:5,858,1,0
BRDA:5,859,0,0
BRDA:5,859,1,0
BRDA:5,860,0,0
BRDA:5,860,1,0
BRDA:5,861,0,0
BRDA:5,861,1,0
BRDA:5,862,0,0
BRDA:5,862,1,0
BRDA:5,863,0,0
BRDA:5,863,1,0
BRDA:5,863,2,0
BRDA:5,864,0,0
BRDA:5,864,1,0
BRDA:5,865,0,0
BRDA:5,865,1,0
BRDA:5,865,2,0
BRDA:5,865,3,0
BRDA:5,865,4,0
BRDA:5,866,0,0
BRDA:5,866,1,0
BRDA:5,867,0,0
BRDA:5,867,1,0
BRDA:5,868,0,0
BRDA:5,868,1,0
BRDA:5,869,0,0
BRDA:5,869,1,0
BRDA:5,869,2,0
BRDA:5,870,0,0
BRDA:5,870,1,0
BRDA:5,871,0,0
BRDA:5,871,1,0
BRDA:5,872,0,0
BRDA:5,872,1,0
BRDA:5,873,0,0
BRDA:5,873,1,0
BRDA:5,874,0,0
[...]
BRDA:7,1268,1,0
BRDA:7,1268,2,0
BRDA:7,1269,0,0
BRDA:7,1269,1,0
BRDA:7,1270,0,0
BRDA:7,1270,1,0
BRDA:7,1271,0,0
BRDA:7,1271,1,0
BRDA:7,1272,0,0
BRDA:7,1272,1,0
BRDA:7,1273,0,0
BRDA:7,1273,1,0
BRDA:7,1274,0,0
BRDA:7,1274,1,0
BRDA:7,1275,0,0
BRDA:7,1275,1,0
BRDA:7,1276,0,0
BRDA:7,1276,1,0
BRDA:7,1277,0,0
BRDA:7,1277,1,0
BRDA:7,1278,0,0
BRDA:7,1278,1,0
BRDA:7,1279,0,0
BRDA:7,1279,1,0
BRDA:7,1280,0,0
BRDA:7,1280,1,0
BRDA:7,1281,0,0
BRDA:7,1281,1,0
BRDA:7,1282,0,0
BRDA:7,1282,1,0
BRDA:7,1283,0,0
BRDA:7,1283,1,0
BRDA:7,1284,0,0
BRDA:7,1284,1,0
BRDA:7,1285,0,0
BRDA:7,1285,1,0
BRDA:7,1286,0,0
BRDA:7,1286,1,0
BRDA:7,1287,0,0
BRDA:7,1287,1,0
BRDA:7,1288,0,0
BRDA:7,1288,1,0
BRDA:7,1289,0,0
BRDA:7,1289,1,0
BRDA:7,1290,0,0
BRDA:7,1290,1,0
BRDA:7,1291,0,0
BRDA:7,1291,1,0
BRDA:7,1292,0,0
BRDA:7,1292,1,0
BRDA:7,1293,0,0
BRDA:7,1293,1,0
BRDA:7,1294,0,0
BRDA:7,1294,1,0
BRDA:7,1295,0,0
BRDA:7,1295,1,0
BRDA:7,1295,2,0
BRDA:7,1295,3,0
BRDA:7,1296,0,0
BRDA:7,1296,1,0
BRDA:7,1297,0,0
BRDA:7,1297,1,0
BRDA:7,1297,2,0
BRDA:7,1298,0,0
BRDA:7,1298,1,0
BRDA:7,1299,0,0
BRDA:7,1299,1,0
BRDA:7,1300,0,0
BRDA:7,1300,1,0
BRDA:7,1300,2,0
BRDA:7,1301,0,0
BRDA:7,1301,1,0
BRDA:7,1302,0,0
BRDA:7,1302,1,0
BRDA:7,1303,0,0
BRDA:7,1303,1,0
BRDA:7,1303,2,0
BRDA:7,1304,0,0
BRDA:7,1304,1,0
BRDA:7,1305,0,0
BRDA:7,1305,1,0
BRDA:7,1306,0,0
BRDA:7,1306,1,0
BRDA:7,1306,2,0
BRDA:7,1307,0,0
BRDA:7,1307,1,0
BRDA:7,1308,0,0
BRDA:7,1308,1,0
BRDA:7,1309,0,0
BRDA:7,1309,1,0
BRDA:7,1310,0,0
BRDA:7,1310,1,0
BRDA:7,1311,0,0
BRDA:7,1311,1,0
BRDA:7,1312,0,0
BRDA:7,1312,1,0
BRDA:7,1312,2,0
BRDA:7,1312,3,0
BRDA:7,1313,0,0
BRDA:7,1313,1,0
BRDA:7,1314,0,0
BRDA:7,1314,1,0
BRDA:7,1314,2,0
BRDA:7,1314,3,0
BRDA:7,1315,0,0
BRDA:7,1315,1,0
BRDA:7,1316,0,0
BRDA:7,1316,1,0
BRDA:7,1317,0,0
BRDA:7,1317,1,0
BRDA:7,1318,0,0
BRDA:7,1318,1,0
BRDA:7,1319,0,0
BRDA:7,1319,1,0
BRDA:7,1320,0,0
BRDA:7,1320,1,0
BRDA:7,1321,0,0
BRDA:7,1321,1,0
BRDA:7,1322,0,0
BRDA:7,1322,1,0
BRDA:7,1323,0,0
BRDA:7,1323,1,0
BRDA:7,1324,0,0
BRDA:7,1324,1,0
BRDA:7,1325,0,0
BRDA:7,1325,1,0
BRDA:7,1326,0,0
BRDA:7,1326,1,0
BRDA:7,1327,0,0
BRDA:7,1327,1,0
BRDA:7,1328,0,0
BRDA:7,1328,1,0
BRDA:7,1329,0,0
BRDA:7,1329,1,0
BRDA:7,1330,0,1
BRDA:7,1330,1,0
BRDA:7,1331,0,0
BRDA:7,1331,1,0
BRDA:7,1332,0,0
BRDA:7,1332,1,0
BRDA:7,1333,0,0
BRDA:7,1333,1,0
BRDA:7,1334,0,0
BRDA:7,1334,1,0
BRDA:7,1335,0,0
BRDA:7,1335,1,0
BRDA:7,1336,0,0
BRDA:7,1336,1,0
BRDA:7,1337,0,0
BRDA:7,1337,1,0
BRDA:7,1338,0,0
BRDA:7,1338,1,0
BRDA:7,1338,2,0
BRDA:7,1339,0,0
BRDA:7,1339,1,0
BRDA:7,1340,0,0
BRDA:7,1340,1,0
BRDA:7,1341,0,0
BRDA:7,1341,1,0
BRDA:7,1342,0,0
BRDA:7,1342,1,0
BRDA:7,1343,0,0
BRDA:7,1343,1,0
BRDA:7,1344,0,0
BRDA:7,1344,1,0
BRDA:7,1345,0,0
BRDA:7,1345,1,0
BRDA:7,1346,0,0
BRDA:7,1346,1,0
BRDA:7,1347,0,0
BRDA:7,1347,1,0
BRDA:7,1348,0,0
BRDA:7,1348,1,0
BRDA:7,1349,0,0
BRDA:7,1349,1,0
BRDA:7,1350,0,0
BRDA:7,1350,1,0
BRDA:7,1351,0,0
BRDA:7,1351,1,0
BRDA:7,1352,0,0
BRDA:7,1352,1,0
BRDA:7,1353,0,0
BRDA:7,1353,1,0
BRDA:7,1354,0,0
BRDA:7,1354,1,0
BRDA:7,1355,0,0
BRDA:7,1355,1,0
BRDA:7,1356,0,0
BRDA:7,1356,1,0
BRDA:7,1357,0,0
BRDA:7,1357,1,0
BRDA:7,1358,0,0
BRDA:7,1358,1,0
BRDA:7,1359,0,0
BRDA:7,1359,1,0
BRDA:7,1360,0,0
BRDA:7,1360,1,0
BRDA:7,1361,0,0
BRDA:7,1361,1,0
BRDA:7,1362,0,0
BRDA:7,1362,1,0
BRDA:7,1363,0,0
BRDA:7,1363,1,0
BRDA:7,1364,0,0
BRDA:7,1364,1,0
BRDA:7,1365,0,0
BRDA:7,1365,1,0
BRDA:7,1366,0,0
BRDA:7,1366,1,0
BRDA:7,1367,0,0
BRDA:7,1367,1,0
BRDA:7,1368,0,0
BRDA:7,1368,1,0
BRDA:7,1369,0,0
BRDA:7,1369,1,0
BRDA:7,1370,0,0
BRDA:7,1370,1,0
BRDA:7,1371,0,0
BRDA:7,1371,1,0
BRDA:7,1372,0,0
BRDA:7,1372,1,0
BRDA:7,1373,0,0
BRDA:7,1373,1,0
BRDA:7,1374,0,0
BRDA:7,1374,1,0
BRDA:7,1375,0,0
BRDA:7,1375,1,0
BRDA:7,1376,0,0
BRDA:7,1376,1,0
BRDA:7,1377,0,0
BRDA:7,1377,1,0
BRDA:7,1378,0,0
BRDA:7,1378,1,0
BRDA:7,1379,0,0
BRDA:7,1379,1,0
BRDA:7,1380,0,0
BRDA:7,1380,1,0
BRDA:7,1381,0,0
BRDA:7,1381,1,0
BRDA:7,1382,0,0
BRDA:7,1382,1,0
BRDA:7,1383,0,0
BRDA:7,1383,1,0
BRDA:7,1384,0,0
BRDA:7,1384,1,0
BRDA:7,1385,0,0
BRDA:7,1385,1,0
BRDA:7,1386,0,0
BRDA:7,1386,1,0
BRDA:7,1387,0,0
BRDA:7,1387,1,0
BRDA:7,1388,0,0
BRDA:7,1388,1,0
BRDA:7,1389,0,0
BRDA:7,1389,1,0
BRDA:7,1390,0,0
BRDA:7,1390,1,0
BRDA:7,1391,0,0
BRDA:7,1391,1,0
BRDA:7,1392,0,0
BRDA:7,1392,1,0
BRDA:7,1392,2,0
BRDA:7,1393,0,0
BRDA:7,1393,1,0
BRDA:7,1393,2,0
BRDA:7,1394,0,0
BRDA:7,1394,1,0
BRDA:7,1395,0,0
BRDA:7,1395,1,0
BRDA:7,1395,2,0
BRDA:7,1396,0,0
BRDA:7,1396,1,0
BRDA:7,1397,0,0
BRDA:7,1397,1,0
BRDA:7,1398,0,0
BRDA:7,1398,1,0
BRDA:7,1399,0,0
BRDA:7,1399,1,0
BRDA:7,1400,0,0
BRDA:7,1400,1,0
BRDA:7,1401,0,0
BRDA:7,1401,1,0
BRDA:7,1402,0,0
BRDA:7,1402,1,0
BRDA:7,1403,0,0
BRDA:7,1403,1,0
BRDA:7,1404,0,0
BRDA:7,1404,1,0
BRDA:7,1405,0,0
BRDA:7,1405,1,0
BRDA:7,1406,0,0
BRDA:7,1406,1,0
BRDA:7,1407,0,0
BRDA:7,1407,1,0
BRDA:7,1408,0,0
BRDA:7,1408,1,0
BRDA:7,1409,0,0
BRDA:7,1409,1,0
BRDA:7,1410,0,0
BRDA:7,1410,1,0
BRDA:7,1411,0,0
BRDA:7,1411,1,0
BRDA:7,1412,0,0
BRDA:7,1412,1,0
BRDA:7,1413,0,0
BRDA:7,1413,1,0
BRDA:7,1414,0,0
BRDA:7,1414,1,0
BRDA:7,1415,0,0
BRDA:7,1415,1,0
BRDA:7,1416,0,0
BRDA:7,1416,1,0
BRDA:7,1417,0,0
BRDA:7,1417,1,0
BRDA:7,1418,0,0
BRDA:7,1418,1,0
BRDA:7,1419,0,0
BRDA:7,1419,1,0
BRDA:7,1420,0,0
BRDA:7,1420,1,0
BRDA:7,1421,0,0
BRDA:7,1421,1,0
BRDA:7,1422,0,0
BRDA:7,1422,1,0
BRDA:7,1423,0,0
BRDA:7,1423,1,0
BRDA:7,1424,0,0
BRDA:7,1424,1,0
BRDA:7,1425,0,0
BRDA:7,1425,1,0
BRDA:7,1426,0,0
BRDA:7,1426,1,0
BRDA:7,1427,0,0
BRDA:7,1427,1,0
BRDA:7,1428,0,0
BRDA:7,1428,1,0
BRDA:7,1429,0,0
BRDA:7,1429,1,0
BRDA:7,1430,0,0
BRDA:7,1430,1,0
BRDA:7,1431,0,0
BRDA:7,1431,1,0
BRDA:7,1432,0,0
BRDA:7,1432,1,0
BRDA:7,1433,0,0
BRDA:7,1433,1,0
BRDA:7,1434,0,0
BRDA:7,1434,1,0
BRDA:7,1435,0,0
BRDA:7,1435,1,0
BRDA:7,1436,0,0
BRDA:7,1436,1,0
BRDA:7,1437,0,0
BRDA:7,1437,1,0
BRDA:7,1438,0,0
BRDA:7,1438,1,0
BRDA:7,1439,0,0
BRDA:7,1439,1,0
BRDA:7,1440,0,0
BRDA:7,1440,1,0
BRDA:7,1441,0,0
BRDA:7,1441,1,0
BRDA:7,1442,0,0
BRDA:7,1442,1,0
BRDA:7,1443,0,0
BRDA:7,1443,1,0
BRDA:7,1444,0,0
BRDA:7,1444,1,0
BRDA:7,1445,0,0
BRDA:7,1445,1,0
BRDA:7,1446,0,0
BRDA:7,1446,1,0
BRDA:7,1447,0,0
BRDA:7,1447,1,0
BRDA:7,1448,0,0
BRDA:7,1448,1,0
BRDA:7,1449,0,0
BRDA:7,1449,1,0
BRDA:7,1450,0,0
BRDA:7,1450,1,0
BRDA:7,1451,0,0
BRDA:7,1451,1,0
BRDA:7,1452,0,0
BRDA:7,1452,1,0
BRDA:7,1453,0,0
BRDA:7,1453,1,0
BRDA:7,1454,0,0
BRDA:7,1454,1,0
BRDA:7,1455,0,0
BRDA:7,1455,1,0
BRDA:7,1456,0,0
BRDA:7,1456,1,0
BRDA:7,1457,0,0
BRDA:7,1457,1,0
BRDA:7,1458,0,0
BRDA:7,1458,1,0
BRDA:7,1459,0,0
BRDA:7,1459,1,0
BRDA:7,1460,0,0
BRDA:7,1460,1,0
BRDA:7,1461,0,0
BRDA:7,1461,1,0
BRDA:7,1462,0,0
BRDA:7,1462,1,0
BRDA:7,1463,0,0
BRDA:7,1463,1,0
BRDA:7,1464,0,0
BRDA:7,1464,1,0
BRDA:7,1465,0,0
BRDA:7,1465,1,0
BRDA:7,1466,0,0
BRDA:7,1466,1,0
BRDA:7,1467,0,0
BRDA:7,1467,1,0
BRDA:7,1468,0,0
BRDA:7,1468,1,0
BRDA:7,1469,0,0
BRDA:7,1469,1,0
BRDA:7,1470,0,0
BRDA:7,1470,1,0
BRDA:7,1471,0,0
BRDA:7,1471,1,0
BRDA:7,1472,0,0
BRDA:7,1472,1,0
BRDA:7,1472,2,0
BRDA:7,1473,0,0
BRDA:7,1473,1,0
BRDA:7,1473,2,0
BRDA:7,1474,0,0
BRDA:7,1474,1,0
BRDA:7,1475,0,0
BRDA:7,1475,1,0
BRDA:7,1476,0,0
BRDA:7,1476,1,0
BRDA:7,1477,0,0
BRDA:7,1477,1,0
BRDA:7,1478,0,0
BRDA:7,1478,1,0
BRDA:7,1479,0,0
BRDA:7,1479,1,0
BRDA:7,1480,0,0
BRDA:7,1480,1,0
BRDA:7,1481,0,0
BRDA:7,1481,1,0
BRDA:7,1482,0,0
BRDA:7,1482,1,0
BRDA:7,1483,0,0
BRDA:7,1483,1,0
BRDA:7,1484,0,0
BRDA:7,1484,1,0
BRDA:7,1485,0,0
BRDA:7,1485,1,0
BRDA:7,1486,0,0
BRDA:7,1486,1,0
BRDA:7,1487,0,0
BRDA:7,1487,1,0
BRDA:7,1488,0,0
BRDA:7,1488,1,0
BRDA:7,1489,0,0
BRDA:7,1489,1,0
BRDA:7,1490,0,0
BRDA:7,1490,1,0
BRDA:7,1491,0,0
BRDA:7,1491,1,0
BRDA:7,1492,0,0
BRDA:7,1492,1,0
BRDA:7,1492,2,0
BRDA:7,1493,0,0
BRDA:7,1493,1,0
BRDA:7,1493,2,0
BRDA:7,1494,0,0
BRDA:7,1494,1,0
BRDA:7,1495,0,0
BRDA:7,1495,1,0
BRDA:7,1496,0,0
BRDA:7,1496,1,0
BRDA:7,1497,0,0
BRDA:7,1497,1,0
BRDA:7,1498,0,0
BRDA:7,1498,1,0
BRDA:7,1499,0,0
BRDA:7,1499,1,0
BRDA:7,1500,0,0
BRDA:7,1500,1,0
BRDA:7,1501,0,0
BRDA:7,1501,1,0
BRDA:7,1502,0,0
BRDA:7,1502,1,0
BRDA:7,1503,0,0
BRDA:7,1503,1,0
BRDA:7,1504,0,0
BRDA:7,1504,1,0
BRDA:7,1505,0,0
BRDA:7,1505,1,0
BRDA:7,1506,0,0
BRDA:7,1506,1,0
BRDA:7,1507,0,0
BRDA:7,1507,1,0
BRDA:7,1508,0,0
BRDA:7,1508,1,0
BRDA:7,1509,0,0
BRDA:7,1509,1,0
BRDA:7,1510,0,0
BRDA:7,1510,1,0
BRDA:7,1511,0,0
BRDA:7,1511,1,0
BRDA:7,1512,0,0
BRDA:7,1512,1,0
BRDA:7,1513,0,0
BRDA:7,1513,1,0
BRDA:7,1514,0,0
BRDA:7,1514,1,0
BRDA:7,1515,0,0
BRDA:7,1515,1,0
BRDA:7,1516,0,0
BRDA:7,1516,1,0
BRDA:7,1517,0,0
BRDA:7,1517,1,0
BRDA:7,1518,0,0
BRDA:7,1518,1,0
BRDA:7,1519,0,0
BRDA:7,1519,1,0
BRDA:7,1520,0,0
BRDA:7,1520,1,0
BRDA:7,1520,2,0
BRDA:7,1521,0,0
BRDA:7,1521,1,0
BRDA:7,1522,0,0
BRDA:7,1522,1,0
BRDA:7,1523,0,0
BRDA:7,1523,1,0
BRDA:7,1524,0,0
BRDA:7,1524,1,0
BRDA:7,1525,0,0
BRDA:7,1525,1,0
BRDA:7,1526,0,0
BRDA:7,1526,1,0
BRDA:7,1527,0,0
BRDA:7,1527,1,0
BRDA:7,1528,0,0
BRDA:7,1528,1,0
BRDA:7,1529,0,0
BRDA:7,1529,1,0
BRDA:7,1530,0,0
BRDA:7,1530,1,0
BRDA:7,1531,0,0
BRDA:7,1531,1,0
BRDA:7,1532,0,0
BRDA:7,1532,1,0
BRDA:7,1533,0,0
BRDA:7,1533,1,0
BRDA:7,1534,0,0
BRDA:7,1534,1,0
BRDA:7,1535,0,0
BRDA:7,1535,1,0
BRDA:7,1536,0,0
BRDA:7,1536,1,0
BRDA:7,1537,0,0
BRDA:7,1537,1,0
BRDA:7,1538,0,0
BRDA:7,1538,1,0
BRDA:7,1539,0,0
BRDA:7,1539,1,0
BRDA:7,1540,0,0
BRDA:7,1540,1,0
BRDA:7,1541,0,0
BRDA:7,1541,1,0
BRDA:7,1542,0,0
BRDA:7,1542,1,0
BRDA:7,1542,2,0
BRDA:7,1543,0,0
BRDA:7,1543,1,0
BRDA:7,1544,0,0
BRDA:7,1544,1,0
BRDA:7,1545,0,0
BRDA:7,1545,1,0
BRDA:7,1546,0,0
BRDA:7,1546,1,0
BRDA:7,1547,0,0
BRDA:7,1547,1,0
BRDA:7,1548,0,0
BRDA:7,1548,1,0
BRDA:7,1549,0,0
BRDA:7,1549,1,0
BRDA:7,1550,0,0
BRDA:7,1550,1,0
BRDA:7,1551,0,0
BRDA:7,1551,1,0
BRDA:7,1551,2,0
BRDA:7,1551,3,0
BRDA:7,1551,4,0
BRDA:7,1551,5,0
BRDA:8,1552,0,0
BRDA:8,1552,1,0
BRDA:8,1553,0,0
BRDA:8,1553,1,0
BRDA:8,1554,0,0
BRDA:8,1554,1,0
BRDA:8,1554,2,0
BRDA:8,1554,3,0
BRDA:8,1554,4,0
BRDA:8,1555,0,0
BRDA:8,1555,1,0
BRDA:8,1556,0,0
BRDA:8,1556,1,0
BRDA:8,1557,0,0
BRDA:8,1557,1,0
BRDA:8,1558,0,0
BRDA:8,1558,1,0
BRDA:8,1558,2,0
BRDA:8,1559,0,0
BRDA:8,1559,1,0
BRDA:8,1560,0,0
BRDA:8,1560,1,0
BRDA:8,1561,0,0
BRDA:8,1561,1,0
BRDA:8,1562,0,0
BRDA:8,1562,1,0
BRDA:8,1563,0,0
BRDA:8,1563,1,0
BRDA:8,1563,2,0
BRDA:8,1564,0,0
BRDA:8,1564,1,0
BRDA:8,1565,0,0
BRDA:8,1565,1,0
BRDA:8,1566,0,0
BRDA:8,1566,1,0
BRDA:8,1567,0,0
BRDA:8,1567,1,0
BRDA:8,1568,0,0
BRDA:8,1568,1,0
BRDA:8,1568,2,0
BRDA:8,1569,0,0
BRDA:8,1569,1,0
BRDA:8,1569,2,0
BRDA:8,1570,0,0
BRDA:8,1570,1,0
BRDA:8,1571,0,0
BRDA:8,1571,1,0
BRDA:8,1572,0,0
BRDA:8,1572,1,0
BRDA:8,1573,0,0
BRDA:8,1573,1,0
BRDA:8,1574,0,0
BRDA:8,1574,1,0
BRDA:8,1575,0,0
BRDA:8,1575,1,0
BRDA:8,1576,0,0
BRDA:8,1576,1,0
BRDA:8,1577,0,0
BRDA:8,1577,1,0
BRDA:8,1578,0,0
BRDA:8,1578,1,0
BRDA:8,1579,0,0
BRDA:8,1579,1,0
BRDA:8,1580,0,0
BRDA:8,1580,1,0
BRDA:8,1581,0,0
BRDA:8,1581,1,0
BRDA:8,1581,2,0
BRDA:8,1582,0,0
BRDA:8,1582,1,0
BRDA:8,1582,2,0
BRDA:8,1583,0,0
BRDA:8,1583,1,0
BRDA:8,1584,0,0
BRDA:8,1584,1,0
BRDA:8,1585,0,0
BRDA:8,1585,1,0
BRDA:8,1586,0,0
BRDA:8,1586,1,0
BRDA:8,1587,0,0
BRDA:8,1587,1,0
BRDA:8,1588,0,0
BRDA:8,1588,1,0
BRDA:8,1589,0,0
BRDA:8,1589,1,0
BRDA:8,1590,0,0
BRDA:8,1590,1,0
BRDA:8,1591,0,0
BRDA:8,1591,1,0
BRDA:8,1592,0,0
BRDA:8,1592,1,0
BRDA:8,1593,0,0
BRDA:8,1593,1,0
BRDA:8,1594,0,0
BRDA:8,1594,1,0
BRDA:8,1595,0,0
BRDA:8,1595,1,0
BRDA:8,1596,0,0
BRDA:8,1596,1,0
BRDA:8,1597,0,0
BRDA:8,1597,1,0
BRDA:8,1598,0,0
BRDA:8,1598,1,0
BRDA:8,1599,0,0
BRDA:8,1599,1,0
BRDA:8,1600,0,0
BRDA:8,1600,1,0
BRDA:8,1601,0,0
BRDA:8,1601,1,0
BRDA:8,1602,0,0
BRDA:8,1602,1,0
BRDA:8,1603,0,0
BRDA:8,1603,1,0
BRDA:8,1604,0,0
BRDA:8,1604,1,0
BRDA:8,1604,2,0
BRDA:8,1604,3,0
BRDA:8,1605,0,0
BRDA:8,1605,1,0
BRDA:8,1606,0,0
BRDA:8,1606,1,0
BRDA:8,1607,0,0
BRDA:8,1607,1,0
BRDA:8,1608,0,0
BRDA:8,1608,1,0
BRDA:8,1609,0,0
BRDA:8,1609,1,0
BRDA:8,1610,0,0
BRDA:8,1610,1,0
BRDA:8,1611,0,0
BRDA:8,1611,1,0
BRDA:8,1612,0,0
BRDA:8,1612,1,0
BRDA:8,1612,2,0
BRDA:8,1612,3,0
BRDA:8,1613,0,0
BRDA:8,1613,1,0
BRDA:8,1614,0,0
BRDA:8,1614,1,0
BRDA:8,1615,0,0
BRDA:8,1615,1,0
BRDA:8,1616,0,0
BRDA:8,1616,1,0
BRDA:8,1616,2,0
BRDA:8,1617,0,0
BRDA:8,1617,1,0
BRDA:8,1618,0,0
BRDA:8,1618,1,0
BRDA:8,1619,0,0
BRDA:8,1619,1,0
BRDA:8,1620,0,0
BRDA:8,1620,1,0
BRDA:8,1621,0,0
BRDA:8,1621,1,0
BRDA:8,1622,0,0
BRDA:8,1622,1,0
BRDA:8,1623,0,0
BRDA:8,1623,1,0
BRDA:8,1624,0,0
BRDA:8,1624,1,0
BRDA:8,1625,0,0
BRDA:8,1625,1,0
BRDA:8,1625,2,0
BRDA:8,1626,0,0
BRDA:8,1626,1,0
BRDA:8,1627,0,0
BRDA:8,1627,1,0
BRDA:8,1628,0,0
BRDA:8,1628,1,0
BRDA:8,1629,0,0
BRDA:8,1629,1,0
BRDA:8,1630,0,0
BRDA:8,1630,1,0
BRDA:8,1631,0,0
BRDA:8,1631,1,0
BRDA:8,1632,0,0
BRDA:8,1632,1,0
BRDA:8,1633,0,0
BRDA:8,1633,1,0
BRDA:8,1633,2,0
BRDA:8,1634,0,0
BRDA:8,1634,1,0
BRDA:8,1635,0,0
BRDA:8,1635,1,0
BRDA:8,1636,0,0
BRDA:8,1636,1,0
BRDA:8,1637,0,0
BRDA:8,1637,1,0
BRDA:8,1638,0,0
BRDA:8,1638,1,0
BRDA:8,1639,0,0
BRDA:8,1639,1,0
BRDA:8,1640,0,0
BRDA:8,1640,1,0
BRDA:8,1641,0,0
BRDA:8,1641,1,0
BRDA:8,1642,0,0
BRDA:8,1642,1,0
BRDA:8,1643,0,0
BRDA:8,1643,1,0
BRDA:8,1644,0,0
BRDA:8,1644,1,0
BRDA:8,1645,0,0
BRDA:8,1645,1,0
BRDA:8,1646,0,0
BRDA:8,1646,1,0
BRDA:8,1646,2,0
BRDA:8,1647,0,0
BRDA:8,1647,1,0
BRDA:8,1648,0,0
BRDA:8,1648,1,0
BRDA:8,1649,0,0
BRDA:8,1649,1,0
BRDA:8,1650,0,0
BRDA:8,1650,1,0
BRDA:8,1651,0,0
BRDA:8,1651,1,0
BRDA:8,1652,0,0
BRDA:8,1652,1,0
BRDA:8,1653,0,0
BRDA:8,1653,1,0
BRDA:8,1654,0,0
BRDA:8,1654,1,0
BRDA:8,1655,0,0
BRDA:8,1655,1,0
BRDA:8,1656,0,0
BRDA:8,1656,1,0
BRDA:8,1657,0,0
BRDA:8,1657,1,0
BRDA:8,1658,0,0
BRDA:8,1658,1,0
BRDA:8,1659,0,0
BRDA:8,1659,1,0
BRDA:8,1660,0,0
BRDA:8,1660,1,0
BRDA:8,1661,0,0
BRDA:8,1661,1,0
BRDA:8,1662,0,0
BRDA:8,1662,1,0
BRDA:8,1663,0,0
BRDA:8,1663,1,0
BRDA:8,1664,0,0
BRDA:8,1664,1,0
BRDA:8,1665,0,0
BRDA:8,1665,1,0
BRDA:8,1666,0,0
BRDA:8,1666,1,0
BRDA:8,1667,0,0
BRDA:8,1667,1,0
BRDA:8,1668,0,0
BRDA:8,1668,1,0
BRDA:8,1669,0,0
BRDA:8,1669,1,0
BRDA:8,1670,0,0
BRDA:8,1670,1,0
BRDA:8,1671,0,0
BRDA:8,1671,1,0
BRDA:8,1672,0,0
BRDA:8,1672,1,0
BRDA:8,1673,0,0
BRDA:8,1673,1,0
BRDA:8,1674,0,0
BRDA:8,1674,1,0
BRDA:8,1675,0,0
BRDA:8,1675,1,0
BRDA:8,1676,0,0
BRDA:8,1676,1,0
BRDA:8,1677,0,0
BRDA:8,1677,1,0
BRDA:8,1678,0,0
BRDA:8,1678,1,0
BRDA:8,1679,0,0
BRDA:8,1679,1,0
BRDA:8,1680,0,0
BRDA:8,1680,1,0
BRDA:8,1681,0,0
BRDA:8,1681,1,0
BRDA:8,1682,0,0
BRDA:8,1682,1,0
BRDA:8,1683,0,0
BRDA:8,1683,1,0
BRDA:8,1684,0,0
BRDA:8,1684,1,0
BRDA:8,1685,0,0
BRDA:8,1685,1,0
BRDA:8,1686,0,0
BRDA:8,1686,1,0
BRDA:8,1686,2,0
BRDA:8,1687,0,0
BRDA:8,1687,1,0
BRDA:8,1688,0,0
BRDA:8,1688,1,0
BRDA:8,1689,0,0
BRDA:8,1689,1,0
BRDA:8,1690,0,0
BRDA:8,1690,1,0
BRDA:8,1691,0,0
BRDA:8,1691,1,0
BRDA:8,1692,0,0
BRDA:8,1692,1,0
BRDA:8,1693,0,0
BRDA:8,1693,1,0
BRDA:8,1694,0,0
BRDA:8,1694,1,0
BRDA:8,1695,0,0
BRDA:8,1695,1,0
BRDA:8,1696,0,0
BRDA:8,1696,1,0
BRDA:8,1697,0,0
BRDA:8,1697,1,0
BRDA:8,1698,0,0
BRDA:8,1698,1,0
BRDA:8,1699,0,0
BRDA:8,1699,1,0
BRDA:8,1700,0,0
BRDA:8,1700,1,0
BRDA:8,1701,0,0
BRDA:8,1701,1,0
BRDA:8,1702,0,0
BRDA:8,1702,1,0
BRDA:8,1703,0,0
BRDA:8,1703,1,0
BRDA:8,1704,0,0
BRDA:8,1704,1,0
BRDA:8,1705,0,0
BRDA:8,1705,1,0
BRDA:8,1706,0,0
BRDA:8,1706,1,0
BRDA:8,1707,0,0
BRDA:8,1707,1,0
BRDA:8,1708,0,0
BRDA:8,1708,1,0
BRDA:8,1709,0,0
BRDA:8,1709,1,0
BRDA:8,1710,0,0
BRDA:8,1710,1,0
BRDA:8,1711,0,0
BRDA:8,1711,1,0
BRDA:8,1712,0,0
BRDA:8,1712,1,0
BRDA:8,1713,0,0
BRDA:8,1713,1,0
BRDA:8,1714,0,0
BRDA:8,1714,1,0
BRDA:8,1715,0,0
BRDA:8,1715,1,0
BRDA:8,1716,0,0
BRDA:8,1716,1,0
BRDA:8,1717,0,0
BRDA:8,1717,1,0
BRDA:8,1718,0,0
BRDA:8,1718,1,0
BRDA:8,1719,0,0
BRDA:8,1719,1,0
BRDA:8,1720,0,0
BRDA:8,1720,1,0
BRDA:8,1721,0,0
BRDA:8,1721,1,0
BRDA:8,1722,0,0
BRDA:8,1722,1,0
BRDA:8,1723,0,0
BRDA:8,1723,1,0
BRDA:8,1724,0,0
BRDA:8,1724,1,0
BRDA:8,1725,0,0
BRDA:8,1725,1,0
BRDA:8,1726,0,0
BRDA:8,1726,1,0
BRDA:8,1727,0,0
BRDA:8,1727,1,0
BRDA:8,1728,0,0
BRDA:8,1728,1,0
BRDA:8,1729,0,0
BRDA:8,1729,1,0
BRDA:8,1730,0,0
BRDA:8,1730,1,0
BRDA:8,1731,0,0
BRDA:8,1731,1,0
BRDA:8,1732,0,0
BRDA:8,1732,1,0
BRDA:8,1733,0,0
BRDA:8,1733,1,0
BRDA:8,1734,0,0
BRDA:8,1734,1,0
BRDA:8,1735,0,0
BRDA:8,1735,1,0
BRDA:8,1736,0,0
BRDA:8,1736,1,0
BRDA:8,1737,0,0
BRDA:8,1737,1,0
BRDA:8,1738,0,0
BRDA:8,1738,1,0
BRDA:8,1738,2,0
BRDA:8,1739,0,0
BRDA:8,1739,1,0
BRDA:8,1740,0,0
BRDA:8,1740,1,0
BRDA:8,1741,0,0
BRDA:8,1741,1,0
BRDA:8,1742,0,0
BRDA:8,1742,1,0
BRDA:8,1743,0,0
BRDA:8,1743,1,0
BRDA:8,1744,0,0
BRDA:8,1744,1,0
BRDA:8,1745,0,0
BRDA:8,1745,1,0
BRDA:8,1746,0,0
BRDA:8,1746,1,0
BRDA:8,1747,0,0
BRDA:8,1747,1,0
BRDA:8,1748,0,0
BRDA:8,1748,1,0
BRDA:8,1749,0,0
BRDA:8,1749,1,0
BRDA:8,1749,2,0
BRDA:8,1749,3,0
BRDA:8,1750,0,0
BRDA:8,1750,1,0
BRDA:8,1751,0,1
BRDA:8,1751,1,0
BRDA:8,1752,0,0
BRDA:8,1752,1,0
BRDA:8,1753,0,0
BRDA:8,1753,1,0
BRDA:8,1754,0,0
BRDA:8,1754,1,0
BRDA:8,1755,0,0
BRDA:8,1755,1,0
BRDA:8,1756,0,0
BRDA:8,1756,1,0
BRDA:8,1757,0,0
BRDA:8,1757,1,0
BRDA:8,1758,0,0
BRDA:8,1758,1,0
BRDA:8,1759,0,0
BRDA:8,1759,1,0
BRDA:8,1760,0,0
BRDA:8,1760,1,0
BRDA:8,1761,0,0
BRDA:8,1761,1,0
BRDA:8,1762,0,0
BRDA:8,1762,1,0
BRDA:8,1763,0,0
BRDA:8,1763,1,0
BRDA:8,1764,0,0
BRDA:8,1764,1,0
BRDA:8,1765,0,0
BRDA:8,1765,1,0
BRDA:8,1766,0,0
BRDA:8,1766,1,0
BRDA:8,1767,0,0
BRDA:8,1767,1,0
BRDA:8,1768,0,0
BRDA:8,1768,1,0
BRDA:8,1769,0,0
BRDA:8,1769,1,0
BRDA:8,1770,0,0
BRDA:8,1770,1,0
BRDA:8,1771,0,0
BRDA:8,1771,1,0
BRDA:8,1772,0,0
BRDA:8,1772,1,0
BRDA:8,1773,0,0
BRDA:8,1773,1,0
BRDA:8,1774,0,0
BRDA:8,1774,1,0
BRDA:8,1775,0,0
BRDA:8,1775,1,0
BRDA:9,1776,0,0
BRDA:9,1776,1,0
BRDA:9,1777,0,0
BRDA:9,1777,1,0
BRDA:9,1778,0,0
BRDA:9,1778,1,0
BRDA:9,1779,0,0
BRDA:9,1779,1,0
BRDA:9,1780,0,0
BRDA:9,1780,1,0
BRDA:9,1781,0,0
BRDA:9,1781,1,0
BRDA:9,1782,0,0
BRDA:9,1782,1,0
BRDA:9,1783,0,0
BRDA:9,1783,1,0
BRDA:9,1783,2,0
BRDA:9,1784,0,0
BRDA:9,1784,1,0
BRDA:9,1785,0,0
BRDA:9,1785,1,0
BRDA:9,1786,0,0
BRDA:9,1786,1,0
BRDA:9,1787,0,0
BRDA:9,1787,1,0
BRDA:9,1788,0,0
BRDA:9,1788,1,0
BRDA:9,1789,0,0
BRDA:9,1789,1,0
BRDA:9,1790,0,0
BRDA:9,1790,1,0
BRDA:9,1791,0,0
BRDA:9,1791,1,0
BRDA:9,1792,0,0
BRDA:9,1792,1,0
BRDA:9,1793,0,0
BRDA:9,1793,1,0
BRDA:9,1794,0,0
BRDA:9,1794,1,0
BRDA:9,1795,0,0
BRDA:9,1795,1,0
BRDA:9,1796,0,0
BRDA:9,1796,1,0
BRDA:9,1797,0,0
BRDA:9,1797,1,0
BRDA:9,1798,0,0
BRDA:9,1798,1,0
BRDA:9,1799,0,0
BRDA:9,1799,1,0
BRDA:9,1800,0,0
BRDA:9,1800,1,0
BRDA:9,1800,2,0
BRDA:9,1801,0,0
BRDA:9,1801,1,0
BRDA:9,1802,0,0
BRDA:9,1802,1,0
BRDA:9,1803,0,0
BRDA:9,1803,1,0
BRDA:9,1804,0,0
BRDA:9,1804,1,0
BRDA:9,1805,0,0
BRDA:9,1805,1,0
BRDA:9,1806,0,0
BRDA:9,1806,1,0
BRDA:9,1807,0,0
BRDA:9,1807,1,0
BRDA:9,1808,0,0
BRDA:9,1808,1,0
BRDA:9,1809,0,0
BRDA:9,1809,1,0
BRDA:9,1810,0,0
BRDA:9,1810,1,0
BRDA:9,1811,0,0
BRDA:9,1811,1,0
BRDA:9,1812,0,0
BRDA:9,1812,1,0
BRDA:9,1813,0,0
BRDA:9,1813,1,0
BRDA:9,1814,0,0
BRDA:9,1814,1,0
BRDA:9,1815,0,0
BRDA:9,1815,1,0
BRDA:9,1816,0,0
BRDA:9,1816,1,0
BRDA:9,1817,0,0
BRDA:9,1817,1,0
BRDA:9,1818,0,0
BRDA:9,1818,1,0
BRDA:9,1819,0,0
BRDA:9,1819,1,0
BRDA:9,1820,0,0
BRDA:9,1820,1,0
BRDA:9,1821,0,0
BRDA:9,1821,1,0
BRDA:9,1822,0,0
BRDA:9,1822,1,0
BRDA:9,1823,0,0
BRDA:9,1823,1,0
BRDA:9,1824,0,0
BRDA:9,1824,1,0
BRDA:9,1825,0,0
BRDA:9,1825,1,0
BRDA:9,1826,0,0
BRDA:9,1826,1,0
BRDA:9,1827,0,0
BRDA:9,1827,1,0
BRDA:9,1828,0,0
BRDA:9,1828,1,0
BRDA:9,1829,0,0
BRDA:9,1829,1,0
BRDA:9,1830,0,0
BRDA:9,1830,1,0
BRDA:9,1830,2,0
BRDA:9,1831,0,0
BRDA:9,1831,1,0
BRDA:9,1832,0,0
BRDA:9,1832,1,0
BRDA:9,1833,0,0
BRDA:9,1833,1,0
BRDA:9,1834,0,0
BRDA:9,1834,1,0
BRDA:9,1835,0,0
BRDA:9,1835,1,0
BRDA:9,1836,0,0
BRDA:9,1836,1,0
BRDA:9,1837,0,0
BRDA:9,1837,1,0
BRDA:9,1838,0,0
BRDA:9,1838,1,0
BRDA:9,1839,0,0
BRDA:9,1839,1,0
BRDA:9,1840,0,0
BRDA:9,1840,1,0
BRDA:9,1841,0,0
BRDA:9,1841,1,0
BRDA:9,1842,0,0
BRDA:9,1842,1,0
BRDA:9,1843,0,0
BRDA:9,1843,1,0
BRDA:9,1844,0,0
BRDA:9,1844,1,0
BRDA:9,1845,0,0
BRDA:9,1845,1,0
BRDA:9,1846,0,0
BRDA:9,1846,1,0
BRDA:9,1847,0,0
BRDA:9,1847,1,0
BRDA:9,1848,0,0
BRDA:9,1848,1,0
BRDA:9,1849,0,0
BRDA:9,1849,1,0
BRDA:9,1850,0,0
BRDA:9,1850,1,0
BRDA:9,1851,0,0
BRDA:9,1851,1,0
BRDA:9,1852,0,0
BRDA:9,1852,1,0
BRDA:9,1853,0,0
BRDA:9,1853,1,0
BRDA:9,1854,0,0
BRDA:9,1854,1,0
BRDA:9,1855,0,0
BRDA:9,1855,1,0
BRDA:9,1856,0,0
BRDA:9,1856,1,0
BRDA:9,1857,0,0
BRDA:9,1857,1,0
BRDA:9,1858,0,0
BRDA:9,1858,1,0
BRDA:9,1859,0,0
BRDA:9,1859,1,0
BRDA:9,1860,0,0
BRDA:9,1860,1,0
BRDA:9,1861,0,0
BRDA:9,1861,1,0
BRDA:9,1862,0,0
BRDA:9,1862,1,0
BRDA:9,1863,0,0
BRDA:9,1863,1,0
BRDA:9,1864,0,0
BRDA:9,1864,1,0
BRDA:9,1865,0,0
BRDA:9,1865,1,0
BRDA:9,1866,0,0
BRDA:9,1866,1,0
BRDA:9,1867,0,0
BRDA:9,1867,1,0
BRF:4024
BRH:84
end_of_record
